#
# A fatal error has been detected by the Java Runtime Environment:
#
#  Internal Error (jvmciRuntime.cpp:1609), pid=20, tid=34
#  fatal error: Fatal exception in JVMCI: Error calling jdk.vm.ci.services.Services.serializeSavedProperties
#
# JRE version: OpenJDK Runtime Environment GraalVM CE 22.3.0 (17.0.5+8) (build 17.0.5+8-jvmci-22.3-b08)
# Java VM: OpenJDK 64-Bit Server VM GraalVM CE 22.3.0 (17.0.5+8-jvmci-22.3-b08, mixed mode, sharing, tiered, jvmci, jvmci compiler, compressed oops, compressed class ptrs, parallel gc, linux-amd64)
# Problematic frame:
# V  [libjvm.so+0x972714]  JVMCIRuntime::fatal_exception(JVMCIEnv*, char const*)+0x74
#
# Core dump will be written. Default location: Core dumps may be processed with "/usr/share/apport/apport -p%p -s%s -c%c -d%d -P%P -u%u -g%g -- %E" (or dumping to /home/runner/java4/core.20)
#
# If you would like to submit a bug report, please visit:
#   https://github.com/oracle/graal/issues
#

---------------  S U M M A R Y ------------

Command Line: -XX:ThreadPriorityPolicy=1 -XX:+UnlockExperimentalVMOptions -XX:+EnableJVMCIProduct -XX:JVMCIThreadsPerNativeLibraryRuntime=1 -XX:-UnlockExperimentalVMOptions -Declipse.application=org.eclipse.jdt.ls.core.id1 -Dosgi.bundles.defaultStartLevel=4 -Declipse.product=org.eclipse.jdt.ls.core.product -Dlog.level=ALL -Xverify:none -XX:+UseParallelGC -XX:GCTimeRatio=4 -XX:AdaptiveSizePolicyWeight=90 -Dsun.zip.disableMemoryMapping=true -Xmx512m -Xms100m /nix/store/m6gcpi1ii6rghy04cjwjddcavv7i90df-jdt-language-server-1.9.0/share/java/plugins/org.eclipse.equinox.launcher_1.6.400.v20210924-0641.jar --add-modules=ALL-SYSTEM --add-opens java.base/java.util=ALL-UNNAMED --add-opens java.base/java.lang=ALL-UNNAMED -configuration /home/runner/.cache/jdt-language-server/config -data /home/runner/.cache/jdt-language-server/data/home/runner/java4

Host: AMD EPYC 7B12, 8 cores, 1G, Ubuntu 20.04.2 LTS
Time: Sat Apr 15 10:28:19 2023 UTC elapsed time: 492.497942 seconds (0d 0h 8m 12s)

---------------  T H R E A D  ---------------

Current thread (0x00007f5d540b21b0):  JavaThread "JVMCI-native CompilerThread0" daemon [_thread_in_vm, id=34, stack(0x00007f5d3a21a000,0x00007f5d3a41a000)]


Current CompileTask:
JVMCI-native: 492498 7834       4       java.util.AbstractCollection::isEmpty (13 bytes)

Stack: [0x00007f5d3a21a000,0x00007f5d3a41a000],  sp=0x00007f5d3a418380,  free space=2040k
Native frames: (J=compiled Java code, j=interpreted, Vv=VM code, C=native code)
V  [libjvm.so+0x972714]  JVMCIRuntime::fatal_exception(JVMCIEnv*, char const*)+0x74
V  [libjvm.so+0x93e2fe]  JVMCIEnv::copy_saved_properties()+0x14e
V  [libjvm.so+0x9732a9]  JVMCIRuntime::initialize(JVMCIEnv*)+0xb19
V  [libjvm.so+0x9738a2]  JVMCIRuntime::get_HotSpotJVMCIRuntime(JVMCIEnv*)+0x12
V  [libjvm.so+0x9749f2]  JVMCIRuntime::compile_method(JVMCIEnv*, JVMCICompiler*, methodHandle const&, int)+0xd2
V  [libjvm.so+0x5b0d20]  CompileBroker::invoke_compiler_on_method(CompileTask*)+0x1470
V  [libjvm.so+0x5b12e8]  CompileBroker::compiler_thread_loop()+0x528
V  [libjvm.so+0xd82460]  JavaThread::thread_main_inner()+0xd0
V  [libjvm.so+0xd85a40]  Thread::call_run()+0xc0
V  [libjvm.so+0xbdb1e1]  thread_native_entry(Thread*)+0xe1

Register to memory mapping:

RAX=0x00007f5d59ef6000 points into unknown readable memory: 0x0000000000000058 | 58 00 00 00 00 00 00 00
RBX=0x00007f5d5aff1398: <offset 0x0000000000ef5398> in /nix/store/gpxl5qgg8kicmcvivwmybwjlpf7wh20l-graalvm17-ce-22.3.0/lib/server/libjvm.so at 0x00007f5d5a0fc000
RCX=0x00007f5d5afa91e8: <offset 0x0000000000ead1e8> in /nix/store/gpxl5qgg8kicmcvivwmybwjlpf7wh20l-graalvm17-ce-22.3.0/lib/server/libjvm.so at 0x00007f5d5a0fc000
RDX=0x0000000000000649 is an unknown value
RSP=0x00007f5d3a418380 is pointing into the stack for thread: 0x00007f5d540b21b0
RBP=0x00007f5d3a4183a0 is pointing into the stack for thread: 0x00007f5d540b21b0
RSI=0x00007f5d5aff1c48: <offset 0x0000000000ef5c48> in /nix/store/gpxl5qgg8kicmcvivwmybwjlpf7wh20l-graalvm17-ce-22.3.0/lib/server/libjvm.so at 0x00007f5d5a0fc000
RDI=0x00000000e0000000 is an oop: java.lang.String 
{0x00000000e0000000} - klass: 'java/lang/String'
 - string: "resolution"
R8 =0x00007f5d5aff1398: <offset 0x0000000000ef5398> in /nix/store/gpxl5qgg8kicmcvivwmybwjlpf7wh20l-graalvm17-ce-22.3.0/lib/server/libjvm.so at 0x00007f5d5a0fc000
R9 =0x00007f5d3a418330 is pointing into the stack for thread: 0x00007f5d540b21b0
R10=0x00007f5d3a419948 is pointing into the stack for thread: 0x00007f5d540b21b0
R11=0x0000000000000293 is an unknown value
R12=0x0 is NULL
R13=0x00007f5d540b21b0 is a thread
R14=0x00007f5d54000b80 points into unknown readable memory: 0x00007f5d5b222a38 | 38 2a 22 5b 5d 7f 00 00
R15=0x00007f5d5b330e40: <offset 0x0000000001234e40> in /nix/store/gpxl5qgg8kicmcvivwmybwjlpf7wh20l-graalvm17-ce-22.3.0/lib/server/libjvm.so at 0x00007f5d5a0fc000


Registers:
RAX=0x00007f5d59ef6000, RBX=0x00007f5d5aff1398, RCX=0x00007f5d5afa91e8, RDX=0x0000000000000649
RSP=0x00007f5d3a418380, RBP=0x00007f5d3a4183a0, RSI=0x00007f5d5aff1c48, RDI=0x00000000e0000000
R8 =0x00007f5d5aff1398, R9 =0x00007f5d3a418330, R10=0x00007f5d3a419948, R11=0x0000000000000293
R12=0x0000000000000000, R13=0x00007f5d540b21b0, R14=0x00007f5d54000b80, R15=0x00007f5d5b330e40
RIP=0x00007f5d5aa6e714, EFLAGS=0x0000000000010206, CSGSFS=0x002b000000000033, ERR=0x0000000000000006
  TRAPNO=0x000000000000000e

Top of Stack: (sp=0x00007f5d3a418380)
0x00007f5d3a418380:   00007f5d3a418940 00007f5d540b21b0
0x00007f5d3a418390:   00007f5d588878c8 0000000800c417a0
0x00007f5d3a4183a0:   00007f5d3a418500 00007f5d5aa3a2fe
0x00007f5d3a4183b0:   00007f5d3a4183e0 00007f5d3a418440 

Instructions: (pc=0x00007f5d5aa6e714)
0x00007f5d5aa6e614:   30 e8 f6 cf e8 ff 4c 89 e7 e8 2e 48 d1 ff 84 db
0x00007f5d5aa6e624:   75 2a 4d 85 ed 74 04 4d 8b 6d 00 48 83 c4 08 44
0x00007f5d5aa6e634:   89 f9 4c 89 f2 4c 89 ee 5b 4c 89 e7 41 5c 41 5d
0x00007f5d5aa6e644:   41 5e 41 5f 5d e9 e2 47 d1 ff 66 90 48 83 c4 08
0x00007f5d5aa6e654:   5b 41 5c 41 5d 41 5e 41 5f 5d c3 90 31 d2 be 08
0x00007f5d5aa6e664:   00 00 00 4c 89 ff e8 b1 78 a3 ff 49 89 c5 e9 37
0x00007f5d5aa6e674:   ff ff ff 66 0f 1f 84 00 00 00 00 00 48 8b 7a 08
0x00007f5d5aa6e684:   e9 6d ff ff ff 0f 1f 80 00 00 00 00 e8 5b 48 0a
0x00007f5d5aa6e694:   00 84 c0 75 89 e9 6a ff ff ff 66 90 55 48 89 e5
0x00007f5d5aa6e6a4:   41 56 41 55 41 54 49 89 fc 53 48 89 f3 66 48 8d
0x00007f5d5aa6e6b4:   3d 27 5e 85 00 66 66 48 e8 df 43 8d ff 4c 8b 28
0x00007f5d5aa6e6c4:   8b 05 be 72 8a 00 85 c0 75 14 ba 01 00 00 00 48
0x00007f5d5aa6e6d4:   8d 0d ae 72 8a 00 f0 0f b1 11 85 c0 74 4e be c8
0x00007f5d5aa6e6e4:   00 00 00 4c 89 ef e8 01 0b 41 00 48 8d 05 12 ac
0x00007f5d5aa6e6f4:   85 00 49 89 d8 48 8d 0d e8 aa 53 00 ba 49 06 00
0x00007f5d5aa6e704:   00 48 8d 35 3c 35 58 00 bf 00 00 00 e0 48 8b 00
0x00007f5d5aa6e714:   c6 00 58 31 c0 e8 e2 91 c6 ff 5b 41 5c 41 5d 41
0x00007f5d5aa6e724:   5e 5d e9 55 34 26 00 0f 1f 44 00 00 48 8d 05 81
0x00007f5d5aa6e734:   a3 8b 00 48 89 df 4c 8b 30 e8 9e 43 8d ff 48 89
0x00007f5d5aa6e744:   de 48 89 c2 49 8b 06 4c 89 f7 ff 50 08 4c 89 f7
0x00007f5d5aa6e754:   e8 a7 5c 27 00 4d 85 e4 74 12 be 01 00 00 00 4c
0x00007f5d5aa6e764:   89 e7 e8 35 43 fc ff eb 82 0f 1f 00 be 01 00 00
0x00007f5d5aa6e774:   00 4c 89 ef e8 d3 fd ff ff e9 6d ff ff ff 66 66
0x00007f5d5aa6e784:   2e 0f 1f 84 00 00 00 00 00 0f 1f 00 55 48 89 e5
0x00007f5d5aa6e794:   41 57 41 56 41 55 41 54 53 48 81 ec 08 02 00 00
0x00007f5d5aa6e7a4:   64 48 8b 04 25 28 00 00 00 48 89 45 c8 8b 07 83
0x00007f5d5aa6e7b4:   f8 02 0f 84 11 04 00 00 4c 8b 6f 18 49 89 ff 49
0x00007f5d5aa6e7c4:   89 f4 4d 85 ed 74 14 4c 89 ef e8 5d 57 22 00 41
0x00007f5d5aa6e7d4:   8b 07 83 f8 02 0f 84 19 04 00 00 48 8d 1d 9a 06
0x00007f5d5aa6e7e4:   8a 00 4c 8d 35 0b 3c 58 00 eb 38 90 48 85 d2 7f
0x00007f5d5aa6e7f4:   0d 48 8d 05 b4 c0 85 00 48 83 38 00 7e 0e 41 8b
0x00007f5d5aa6e804:   77 2c 4c 89 f7 31 c0 e8 a0 b2 f7 ff 49 8b 7f 18 


Stack slot to memory mapping:
stack at sp + 0 slots: 0x00007f5d3a418940 is pointing into the stack for thread: 0x00007f5d540b21b0
stack at sp + 1 slots: 0x00007f5d540b21b0 is a thread
stack at sp + 2 slots: 0x00007f5d588878c8 points into unknown readable memory: 0x6573001880c9ffff | ff ff c9 80 18 00 73 65
stack at sp + 3 slots: 0x0000000800c417a0 is a pointer to class: 
jdk.vm.ci.services.Services {0x0000000800c417a0}
 - instance size:     2
 - klass size:        65
 - access:            public final synchronized 
 - state:             fully_initialized
 - name:              'jdk/vm/ci/services/Services'
 - super:             'java/lang/Object'
 - sub:               
 - arrays:            NULL
 - methods:           Array<T>(0x00007f5d3ac41f10)
 - method ordering:   Array<T>(0x0000000800928960)
 - default_methods:   Array<T>(0x0000000000000000)
 - local interfaces:  Array<T>(0x00000008005ce810)
 - trans. interfaces: Array<T>(0x00000008005ce810)
 - constants:         constant pool [427] {0x00007f5d3ac40ff0} for 'jdk/vm/ci/services/Services' cache=0x00007f5d3ac431e0
 - class loader data:  loader data: 0x00007f5d540283d0 of 'bootstrap'
 - source file:       'Services.java'
 - class annotations:       Array<T>(0x0000000000000000)
 - class type annotations:  Array<T>(0x0000000000000000)
 - field annotations:       Array<T>(0x0000000000000000)
 - field type annotations:  Array<T>(0x0000000000000000)
 - inner classes:     Array<T>(0x00007f5d3ac431b0)
 - nest members:     Array<T>(0x00007f5d3ac431d0)
 - permitted subclasses:     Array<T>(0x00000008005ce7a0)
 - java mirror:       a 'java/lang/Class'{0x00000000e0146510} = 'jdk/vm/ci/services/Services'
 - vtable length      5  (start addr: 0x0000000800c41970)
 - itable length      2 (start addr: 0x0000000800c41998)
 - ---- static fields (3 words):
 - public static final 'IS_BUILDING_NATIVE_IMAGE' 'Z' @128 
 - public static final 'IS_IN_NATIVE_IMAGE' 'Z' @129 
 - private static volatile 'savedProperties' 'Ljava/util/Map;' @112 
 - static final 'JVMCI_ENABLED' 'Z' @130 
 - private static final 'servicesCache' 'Ljava/util/Map;' @116 
 - private static final 'MAX_UNICODE_IN_UTF8_LENGTH' 'I' @120 
 - private static final 'MAX_UTF8_PROPERTY_STRING_LENGTH' 'I' @124 
 - ---- non-static fields (0 words):
 - non-static oop maps: 
stack at sp + 4 slots: 0x00007f5d3a418500 is pointing into the stack for thread: 0x00007f5d540b21b0
stack at sp + 5 slots: 0x00007f5d5aa3a2fe: <offset 0x000000000093e2fe> in /nix/store/gpxl5qgg8kicmcvivwmybwjlpf7wh20l-graalvm17-ce-22.3.0/lib/server/libjvm.so at 0x00007f5d5a0fc000
stack at sp + 6 slots: 0x00007f5d3a4183e0 is pointing into the stack for thread: 0x00007f5d540b21b0
stack at sp + 7 slots: 0x00007f5d3a418440 is pointing into the stack for thread: 0x00007f5d540b21b0


---------------  P R O C E S S  ---------------

Threads class SMR info:
_java_thread_list=0x00007f5ca8006fb0, length=25, elements={
0x00007f5d54026670, 0x00007f5d540a64b0, 0x00007f5d540a78f0, 0x00007f5d540ae020,
0x00007f5d540af3d0, 0x00007f5d540b07c0, 0x00007f5d540b21b0, 0x00007f5d540b36c0,
0x00007f5d540b4b10, 0x00007f5d540dff40, 0x00007f5d54127680, 0x00007f5d5431b160,
0x00007f5d5434ed40, 0x00007f5d54350d10, 0x00007f5d54335520, 0x00007f5ce801a750,
0x00007f5ce82a2640, 0x00007f5ce8304970, 0x00007f5ce8480b10, 0x00007f5ce85ff170,
0x00007f5d544ad990, 0x00007f5cd0001010, 0x00007f5d54391b90, 0x00007f5cd0043130,
0x00007f5ca80065b0
}

Java Threads: ( => current thread )
  0x00007f5d54026670 JavaThread "main" [_thread_blocked, id=26, stack(0x00007f5d59f17000,0x00007f5d5a017000)]
  0x00007f5d540a64b0 JavaThread "Reference Handler" daemon [_thread_blocked, id=29, stack(0x00007f5d3ab00000,0x00007f5d3ac00000)]
  0x00007f5d540a78f0 JavaThread "Finalizer" daemon [_thread_blocked, id=30, stack(0x00007f5d3aa00000,0x00007f5d3ab00000)]
  0x00007f5d540ae020 JavaThread "Signal Dispatcher" daemon [_thread_blocked, id=31, stack(0x00007f5d3a61a000,0x00007f5d3a71a000)]
  0x00007f5d540af3d0 JavaThread "Service Thread" daemon [_thread_blocked, id=32, stack(0x00007f5d3a51a000,0x00007f5d3a61a000)]
  0x00007f5d540b07c0 JavaThread "Monitor Deflation Thread" daemon [_thread_blocked, id=33, stack(0x00007f5d3a41a000,0x00007f5d3a51a000)]
=>0x00007f5d540b21b0 JavaThread "JVMCI-native CompilerThread0" daemon [_thread_in_vm, id=34, stack(0x00007f5d3a21a000,0x00007f5d3a41a000)]
  0x00007f5d540b36c0 JavaThread "C1 CompilerThread0" daemon [_thread_blocked, id=35, stack(0x00007f5d3a01a000,0x00007f5d3a21a000)]
  0x00007f5d540b4b10 JavaThread "Sweeper thread" daemon [_thread_blocked, id=36, stack(0x00007f5d39f1a000,0x00007f5d3a01a000)]
  0x00007f5d540dff40 JavaThread "Common-Cleaner" daemon [_thread_blocked, id=37, stack(0x00007f5d39e1a000,0x00007f5d39f1a000)]
  0x00007f5d54127680 JavaThread "Notification Thread" daemon [_thread_blocked, id=38, stack(0x00007f5d39d1a000,0x00007f5d39e1a000)]
  0x00007f5d5431b160 JavaThread "Active Thread: Equinox Container: e17415c5-8c60-47f6-a444-81d38c69c1ad" [_thread_blocked, id=43, stack(0x00007f5d38900000,0x00007f5d38a00000)]
  0x00007f5d5434ed40 JavaThread "Framework Event Dispatcher: Equinox Container: e17415c5-8c60-47f6-a444-81d38c69c1ad" daemon [_thread_blocked, id=44, stack(0x00007f5d38700000,0x00007f5d38800000)]
  0x00007f5d54350d10 JavaThread "Start Level: Equinox Container: e17415c5-8c60-47f6-a444-81d38c69c1ad" daemon [_thread_blocked, id=45, stack(0x00007f5d38500000,0x00007f5d38600000)]
  0x00007f5d54335520 JavaThread "Refresh Thread: Equinox Container: e17415c5-8c60-47f6-a444-81d38c69c1ad" daemon [_thread_blocked, id=46, stack(0x00007f5d38300000,0x00007f5d38400000)]
  0x00007f5ce801a750 JavaThread "SCR Component Actor" daemon [_thread_blocked, id=47, stack(0x00007f5d38100000,0x00007f5d38200000)]
  0x00007f5ce82a2640 JavaThread "Worker-JM" [_thread_blocked, id=49, stack(0x00007f5d01900000,0x00007f5d01a00000)]
  0x00007f5ce8304970 JavaThread "Worker-0: Periodic workspace save." [_thread_blocked, id=50, stack(0x00007f5d01700000,0x00007f5d01800000)]
  0x00007f5ce8480b10 JavaThread "Java indexing" daemon [_thread_blocked, id=52, stack(0x00007f5d01300000,0x00007f5d01400000)]
  0x00007f5ce85ff170 JavaThread "Bundle File Closer" daemon [_thread_blocked, id=53, stack(0x00007f5d01100000,0x00007f5d01200000)]
  0x00007f5d544ad990 JavaThread "pool-3-thread-1" [_thread_blocked, id=54, stack(0x00007f5d00f00000,0x00007f5d01000000)]
  0x00007f5cd0001010 JavaThread "Worker-2: Java indexing... " [_thread_blocked, id=55, stack(0x00007f5d00d00000,0x00007f5d00e00000)]
  0x00007f5d54391b90 JavaThread "pool-2-thread-1" [_thread_in_native, id=56, stack(0x00007f5d01b00000,0x00007f5d01c00000)]
  0x00007f5cd0043130 JavaThread "Worker-5" [_thread_blocked, id=62, stack(0x00007f5d00700000,0x00007f5d00800000)]
  0x00007f5ca80065b0 JavaThread "Worker-6" [_thread_blocked, id=68, stack(0x00007f5d00a00000,0x00007f5d00b00000)]

Other Threads:
  0x00007f5d540a1bf0 VMThread "VM Thread" [stack: 0x00007f5d58030000,0x00007f5d58130000] [id=28] _threads_hazard_ptr=0x00007f5ca8006fb0
  0x00007f5d54129020 WatcherThread [stack: 0x00007f5d39c1a000,0x00007f5d39d1a000] [id=39]
  0x00007f5d5403df10 GCTaskThread "GC Thread#0" [stack: 0x00007f5d59ada000,0x00007f5d59bda000] [id=27]

Threads with active compile tasks:
JVMCI-native CompilerThread0   492566 7834       4       java.util.AbstractCollection::isEmpty (13 bytes)

VM state: synchronizing (normal execution)

VM Mutex/Monitor currently owned by a thread:  ([mutex/lock_event])
[0x00007f5d54023820] Threads_lock - owner thread: 0x00007f5d540a1bf0
[0x00007f5d54023fd0] Heap_lock - owner thread: 0x00007f5cd0001010

OutOfMemory and StackOverflow Exception counts:
OutOfMemoryError java_heap_errors=3
LinkageErrors=48

Heap address: 0x00000000e0000000, size: 512 MB, Compressed Oops mode: 32-bit

CDS archive(s) mapped at: [0x0000000800000000-0x0000000800bc8000-0x0000000800bc8000), size 12353536, SharedBaseAddress: 0x0000000800000000, ArchiveRelocationMode: 0.
Compressed class space mapped at: 0x0000000800c00000-0x0000000840c00000, reserved size: 1073741824
Narrow klass base: 0x0000000800000000, Narrow klass shift: 0, Narrow klass range: 0x100000000

GC Precious Log:
 CPUs: 8 total, 1 available
 Memory: 1024M
 Large Page Support: Disabled
 NUMA Support: Disabled
 Compressed Oops: Enabled (32-bit)
 Alignments: Space 512K, Generation 512K, Heap 2M
 Heap Min Capacity: 100M
 Heap Initial Capacity: 100M
 Heap Max Capacity: 512M
 Pre-touch: Disabled
 Parallel Workers: 1

Heap:
 PSYoungGen      total 30208K, used 22527K [0x00000000f5580000, 0x00000000f7b80000, 0x0000000100000000)
  eden space 22528K, 99% used [0x00000000f5580000,0x00000000f6b7fff0,0x00000000f6b80000)
  from space 7680K, 0% used [0x00000000f6b80000,0x00000000f6b80000,0x00000000f7300000)
  to   space 7680K, 0% used [0x00000000f7300000,0x00000000f7300000,0x00000000f7a80000)
 ParOldGen       total 349696K, used 349695K [0x00000000e0000000, 0x00000000f5580000, 0x00000000f5580000)
  object space 349696K, 99% used [0x00000000e0000000,0x00000000f557fff8,0x00000000f5580000)
 Metaspace       used 54792K, committed 55680K, reserved 1105920K
  class space    used 5474K, committed 5824K, reserved 1048576K

Card table byte_map: [0x00007f5d59bda000,0x00007f5d59cdb000] _byte_map_base: 0x00007f5d594da000

Marking Bits: (ParMarkBitMap*) 0x00007f5d5b32a4c0
 Begin Bits: [0x00007f5d58a2d000, 0x00007f5d5922d000)
 End Bits:   [0x00007f5d5922d000, 0x00007f5d59a2d000)

Polling page: 0x00007f5d59ef4000

Metaspace:

Usage:
  Non-class:     48.16 MB used.
      Class:      5.35 MB used.
       Both:     53.51 MB used.

Virtual space:
  Non-class space:       56.00 MB reserved,      48.69 MB ( 87%) committed,  7 nodes.
      Class space:        1.00 GB reserved,       5.69 MB ( <1%) committed,  1 nodes.
             Both:        1.05 GB reserved,      54.38 MB (  5%) committed. 

Chunk freelists:
   Non-Class:  3.10 MB
       Class:  2.35 MB
        Both:  5.45 MB

MaxMetaspaceSize: unlimited
CompressedClassSpaceSize: 1.00 GB
Initial GC threshold: 21.00 MB
Current GC threshold: 90.62 MB
CDS: on
MetaspaceReclaimPolicy: balanced
 - commit_granule_bytes: 65536.
 - commit_granule_words: 8192.
 - virtual_space_node_default_size: 1048576.
 - enlarge_chunks_in_place: 1.
 - new_chunks_are_fully_committed: 0.
 - uncommit_free_chunks: 1.
 - use_allocation_guard: 0.
 - handle_deallocations: 1.


Internal statistics:

num_allocs_failed_limit: 6.
num_arena_births: 378.
num_arena_deaths: 78.
num_vsnodes_births: 8.
num_vsnodes_deaths: 0.
num_space_committed: 869.
num_space_uncommitted: 0.
num_chunks_returned_to_freelist: 107.
num_chunks_taken_from_freelist: 2439.
num_chunk_merges: 42.
num_chunk_splits: 1588.
num_chunks_enlarged: 1015.
num_purges: 2.
num_inconsistent_stats: 0.

CodeHeap 'non-profiled nmethods': size=120036Kb used=2392Kb max_used=2392Kb free=117643Kb
 bounds [0x00007f5d42f7a000, 0x00007f5d431ea000, 0x00007f5d4a4b3000]
CodeHeap 'profiled nmethods': size=120032Kb used=12678Kb max_used=15099Kb free=107353Kb
 bounds [0x00007f5d3ba42000, 0x00007f5d3c902000, 0x00007f5d42f7a000]
CodeHeap 'non-nmethods': size=5692Kb used=1370Kb max_used=1389Kb free=4321Kb
 bounds [0x00007f5d3b4b3000, 0x00007f5d3b723000, 0x00007f5d3ba42000]
 total_blobs=6604 nmethods=5902 adapters=613
 compilation: enabled
              stopped_count=0, restarted_count=0
 full_count=0

JVMCI Events (20 events):
Event: 129.158 Thread 0x00007f5d540b21b0 compacted oop handles in JVMCI runtime 0 from 56 to 56
Event: 129.158 Thread 0x00007f5d540b21b0 releasing handles for JVMCI runtime 0: oop handles=56, metadata handles={total=99, live=99, blocks=39}
Event: 129.158 Thread 0x00007f5d540b21b0 detached from JVMCI runtime 0
Event: 135.485 Thread 0x00007f5d540b21b0 attached to JVMCI runtime 0
Event: 135.488 Thread 0x00007f5d540b21b0 created JavaVM[3]@0x00007f5d0009e340 for JVMCI runtime 0
Event: 136.864 Thread 0x00007f5d540b21b0 initializing JVMCI runtime 0
Event: 136.864 Thread 0x00007f5d540b21b0 done waiting for JavaVM references initialization in JVMCI runtime 0
Event: 163.186 Thread 0x00007f5d540b21b0 initialized JVMCI runtime 0
Event: 173.194 Thread 0x00007f5d540b21b0 compacted oop handles in JVMCI runtime 0 from 43 to 41
Event: 174.381 Thread 0x00007f5d540b21b0 detaching from JVMCI runtime 0: releasing idle compiler thread (0 other threads still attached)
Event: 174.381 Thread 0x00007f5d540b21b0 shutting down HotSpotJVMCIRuntime for JVMCI runtime 0
Event: 174.381 Thread 0x00007f5d540b21b0 shut down JVMCI runtime 0
Event: 176.979 Thread 0x00007f5d540b21b0 destroyed JavaVM[3]@0x00007f5d0009e340 for JVMCI runtime 0
Event: 176.979 Thread 0x00007f5d540b21b0 compacted oop handles in JVMCI runtime 0 from 41 to 41
Event: 176.979 Thread 0x00007f5d540b21b0 releasing handles for JVMCI runtime 0: oop handles=41, metadata handles={total=85, live=74, blocks=39}
Event: 176.979 Thread 0x00007f5d540b21b0 detached from JVMCI runtime 0
Event: 465.512 Thread 0x00007f5d540b21b0 attached to JVMCI runtime 0
Event: 465.513 Thread 0x00007f5d540b21b0 created JavaVM[4]@0x00007f5d0009e340 for JVMCI runtime 0
Event: 465.513 Thread 0x00007f5d540b21b0 initializing JVMCI runtime 0
Event: 465.513 Thread 0x00007f5d540b21b0 done waiting for JavaVM references initialization in JVMCI runtime 0

Compilation events (20 events):
Event: 260.983 Thread 0x00007f5d540b36c0 nmethod 7824 0x00007f5d3bd66390 code [0x00007f5d3bd66540, 0x00007f5d3bd666b0]
Event: 267.076 Thread 0x00007f5d540b36c0 7825       3       java.text.MessageFormat::format (15 bytes)
Event: 268.395 Thread 0x00007f5d540b36c0 nmethod 7825 0x00007f5d3bbdf690 code [0x00007f5d3bbdf840, 0x00007f5d3bbdfa10]
Event: 268.395 Thread 0x00007f5d540b36c0 7827       3       java.text.MessageFormat::subformat (542 bytes)
Event: 274.872 Thread 0x00007f5d540b36c0 nmethod 7827 0x00007f5d3c4a4c10 code [0x00007f5d3c4a5260, 0x00007f5d3c4ab0c0]
Event: 274.872 Thread 0x00007f5d540b36c0 7826       3       java.text.MessageFormat::format (12 bytes)
Event: 274.872 Thread 0x00007f5d540b36c0 nmethod 7826 0x00007f5d3bbf3110 code [0x00007f5d3bbf32c0, 0x00007f5d3bbf3660]
Event: 312.401 Thread 0x00007f5d540b36c0 7828       3       java.util.UUID::<init> (109 bytes)
Event: 312.401 Thread 0x00007f5d540b36c0 nmethod 7828 0x00007f5d3ba56790 code [0x00007f5d3ba56960, 0x00007f5d3ba56cd0]
Event: 427.105 Thread 0x00007f5d540b36c0 7830       3       org.eclipse.core.internal.dtree.AbstractDataTreeNode::storeStrings (42 bytes)
Event: 427.105 Thread 0x00007f5d540b36c0 nmethod 7830 0x00007f5d3c122e90 code [0x00007f5d3c123060, 0x00007f5d3c123530]
Event: 427.105 Thread 0x00007f5d540b36c0 7831       3       org.eclipse.core.internal.utils.StringPool::add (59 bytes)
Event: 427.106 Thread 0x00007f5d540b36c0 nmethod 7831 0x00007f5d3c4f0f10 code [0x00007f5d3c4f1100, 0x00007f5d3c4f1ad0]
Event: 436.515 Thread 0x00007f5d540b36c0 7832       3       java.util.concurrent.ThreadPoolExecutor::runStateAtLeast (11 bytes)
Event: 436.515 Thread 0x00007f5d540b36c0 nmethod 7832 0x00007f5d3bbc2b90 code [0x00007f5d3bbc2d20, 0x00007f5d3bbc2e70]
Event: 446.997 Thread 0x00007f5d540b36c0 7833       1       java.lang.Thread::getThreadGroup (5 bytes)
Event: 446.997 Thread 0x00007f5d540b36c0 nmethod 7833 0x00007f5d431cff90 code [0x00007f5d431d0120, 0x00007f5d431d01f0]
Event: 465.512 Thread 0x00007f5d540b21b0 7834       4       java.util.AbstractCollection::isEmpty (13 bytes)
Event: 486.064 Thread 0x00007f5d540b36c0 7835       3       org.eclipse.core.internal.preferences.StringPool::add (59 bytes)
Event: 487.377 Thread 0x00007f5d540b36c0 nmethod 7835 0x00007f5d3c530990 code [0x00007f5d3c530b80, 0x00007f5d3c531550]

GC Heap History (20 events):
Event: 479.698 GC heap before
{Heap before GC invocations=436 (full 326):
 PSYoungGen      total 30208K, used 22528K [0x00000000f5580000, 0x00000000f7b80000, 0x0000000100000000)
  eden space 22528K, 100% used [0x00000000f5580000,0x00000000f6b80000,0x00000000f6b80000)
  from space 7680K, 0% used [0x00000000f6b80000,0x00000000f6b80000,0x00000000f7300000)
  to   space 7680K, 0% used [0x00000000f7300000,0x00000000f7300000,0x00000000f7a80000)
 ParOldGen       total 349696K, used 349694K [0x00000000e0000000, 0x00000000f5580000, 0x00000000f5580000)
  object space 349696K, 99% used [0x00000000e0000000,0x00000000f557f890,0x00000000f5580000)
 Metaspace       used 54791K, committed 55680K, reserved 1105920K
  class space    used 5474K, committed 5824K, reserved 1048576K
}
Event: 481.070 GC heap after
{Heap after GC invocations=436 (full 326):
 PSYoungGen      total 30208K, used 22527K [0x00000000f5580000, 0x00000000f7b80000, 0x0000000100000000)
  eden space 22528K, 99% used [0x00000000f5580000,0x00000000f6b7fff0,0x00000000f6b80000)
  from space 7680K, 0% used [0x00000000f7300000,0x00000000f7300000,0x00000000f7a80000)
  to   space 7680K, 0% used [0x00000000f6b80000,0x00000000f6b80000,0x00000000f7300000)
 ParOldGen       total 349696K, used 349694K [0x00000000e0000000, 0x00000000f5580000, 0x00000000f5580000)
  object space 349696K, 99% used [0x00000000e0000000,0x00000000f557f890,0x00000000f5580000)
 Metaspace       used 54791K, committed 55680K, reserved 1105920K
  class space    used 5474K, committed 5824K, reserved 1048576K
}
Event: 481.070 GC heap before
{Heap before GC invocations=437 (full 327):
 PSYoungGen      total 30208K, used 22528K [0x00000000f5580000, 0x00000000f7b80000, 0x0000000100000000)
  eden space 22528K, 100% used [0x00000000f5580000,0x00000000f6b80000,0x00000000f6b80000)
  from space 7680K, 0% used [0x00000000f7300000,0x00000000f7300000,0x00000000f7a80000)
  to   space 7680K, 0% used [0x00000000f6b80000,0x00000000f6b80000,0x00000000f7300000)
 ParOldGen       total 349696K, used 349694K [0x00000000e0000000, 0x00000000f5580000, 0x00000000f5580000)
  object space 349696K, 99% used [0x00000000e0000000,0x00000000f557f890,0x00000000f5580000)
 Metaspace       used 54791K, committed 55680K, reserved 1105920K
  class space    used 5474K, committed 5824K, reserved 1048576K
}
Event: 482.294 GC heap after
{Heap after GC invocations=437 (full 327):
 PSYoungGen      total 30208K, used 22527K [0x00000000f5580000, 0x00000000f7b80000, 0x0000000100000000)
  eden space 22528K, 99% used [0x00000000f5580000,0x00000000f6b7fff0,0x00000000f6b80000)
  from space 7680K, 0% used [0x00000000f6b80000,0x00000000f6b80000,0x00000000f7300000)
  to   space 7680K, 0% used [0x00000000f7300000,0x00000000f7300000,0x00000000f7a80000)
 ParOldGen       total 349696K, used 349694K [0x00000000e0000000, 0x00000000f5580000, 0x00000000f5580000)
  object space 349696K, 99% used [0x00000000e0000000,0x00000000f557f890,0x00000000f5580000)
 Metaspace       used 54791K, committed 55680K, reserved 1105920K
  class space    used 5474K, committed 5824K, reserved 1048576K
}
Event: 482.294 GC heap before
{Heap before GC invocations=438 (full 328):
 PSYoungGen      total 30208K, used 22528K [0x00000000f5580000, 0x00000000f7b80000, 0x0000000100000000)
  eden space 22528K, 100% used [0x00000000f5580000,0x00000000f6b80000,0x00000000f6b80000)
  from space 7680K, 0% used [0x00000000f6b80000,0x00000000f6b80000,0x00000000f7300000)
  to   space 7680K, 0% used [0x00000000f7300000,0x00000000f7300000,0x00000000f7a80000)
 ParOldGen       total 349696K, used 349694K [0x00000000e0000000, 0x00000000f5580000, 0x00000000f5580000)
  object space 349696K, 99% used [0x00000000e0000000,0x00000000f557f890,0x00000000f5580000)
 Metaspace       used 54791K, committed 55680K, reserved 1105920K
  class space    used 5474K, committed 5824K, reserved 1048576K
}
Event: 483.579 GC heap after
{Heap after GC invocations=438 (full 328):
 PSYoungGen      total 30208K, used 22527K [0x00000000f5580000, 0x00000000f7b80000, 0x0000000100000000)
  eden space 22528K, 99% used [0x00000000f5580000,0x00000000f6b7fff0,0x00000000f6b80000)
  from space 7680K, 0% used [0x00000000f7300000,0x00000000f7300000,0x00000000f7a80000)
  to   space 7680K, 0% used [0x00000000f6b80000,0x00000000f6b80000,0x00000000f7300000)
 ParOldGen       total 349696K, used 349694K [0x00000000e0000000, 0x00000000f5580000, 0x00000000f5580000)
  object space 349696K, 99% used [0x00000000e0000000,0x00000000f557f890,0x00000000f5580000)
 Metaspace       used 54791K, committed 55680K, reserved 1105920K
  class space    used 5474K, committed 5824K, reserved 1048576K
}
Event: 483.579 GC heap before
{Heap before GC invocations=439 (full 329):
 PSYoungGen      total 30208K, used 22528K [0x00000000f5580000, 0x00000000f7b80000, 0x0000000100000000)
  eden space 22528K, 100% used [0x00000000f5580000,0x00000000f6b80000,0x00000000f6b80000)
  from space 7680K, 0% used [0x00000000f7300000,0x00000000f7300000,0x00000000f7a80000)
  to   space 7680K, 0% used [0x00000000f6b80000,0x00000000f6b80000,0x00000000f7300000)
 ParOldGen       total 349696K, used 349695K [0x00000000e0000000, 0x00000000f5580000, 0x00000000f5580000)
  object space 349696K, 99% used [0x00000000e0000000,0x00000000f557fe48,0x00000000f5580000)
 Metaspace       used 54791K, committed 55680K, reserved 1105920K
  class space    used 5474K, committed 5824K, reserved 1048576K
}
Event: 484.782 GC heap after
{Heap after GC invocations=439 (full 329):
 PSYoungGen      total 30208K, used 22527K [0x00000000f5580000, 0x00000000f7b80000, 0x0000000100000000)
  eden space 22528K, 99% used [0x00000000f5580000,0x00000000f6b7ff40,0x00000000f6b80000)
  from space 7680K, 0% used [0x00000000f6b80000,0x00000000f6b80000,0x00000000f7300000)
  to   space 7680K, 0% used [0x00000000f7300000,0x00000000f7300000,0x00000000f7a80000)
 ParOldGen       total 349696K, used 349695K [0x00000000e0000000, 0x00000000f5580000, 0x00000000f5580000)
  object space 349696K, 99% used [0x00000000e0000000,0x00000000f557fc58,0x00000000f5580000)
 Metaspace       used 54791K, committed 55680K, reserved 1105920K
  class space    used 5474K, committed 5824K, reserved 1048576K
}
Event: 484.782 GC heap before
{Heap before GC invocations=440 (full 330):
 PSYoungGen      total 30208K, used 22527K [0x00000000f5580000, 0x00000000f7b80000, 0x0000000100000000)
  eden space 22528K, 99% used [0x00000000f5580000,0x00000000f6b7ff40,0x00000000f6b80000)
  from space 7680K, 0% used [0x00000000f6b80000,0x00000000f6b80000,0x00000000f7300000)
  to   space 7680K, 0% used [0x00000000f7300000,0x00000000f7300000,0x00000000f7a80000)
 ParOldGen       total 349696K, used 349695K [0x00000000e0000000, 0x00000000f5580000, 0x00000000f5580000)
  object space 349696K, 99% used [0x00000000e0000000,0x00000000f557fc58,0x00000000f5580000)
 Metaspace       used 54791K, committed 55680K, reserved 1105920K
  class space    used 5474K, committed 5824K, reserved 1048576K
}
Event: 486.064 GC heap after
{Heap after GC invocations=440 (full 330):
 PSYoungGen      total 30208K, used 22527K [0x00000000f5580000, 0x00000000f7b80000, 0x0000000100000000)
  eden space 22528K, 99% used [0x00000000f5580000,0x00000000f6b7ff40,0x00000000f6b80000)
  from space 7680K, 0% used [0x00000000f7300000,0x00000000f7300000,0x00000000f7a80000)
  to   space 7680K, 0% used [0x00000000f6b80000,0x00000000f6b80000,0x00000000f7300000)
 ParOldGen       total 349696K, used 349695K [0x00000000e0000000, 0x00000000f5580000, 0x00000000f5580000)
  object space 349696K, 99% used [0x00000000e0000000,0x00000000f557fc58,0x00000000f5580000)
 Metaspace       used 54791K, committed 55680K, reserved 1105920K
  class space    used 5474K, committed 5824K, reserved 1048576K
}
Event: 486.065 GC heap before
{Heap before GC invocations=441 (full 331):
 PSYoungGen      total 30208K, used 22528K [0x00000000f5580000, 0x00000000f7b80000, 0x0000000100000000)
  eden space 22528K, 100% used [0x00000000f5580000,0x00000000f6b80000,0x00000000f6b80000)
  from space 7680K, 0% used [0x00000000f7300000,0x00000000f7300000,0x00000000f7a80000)
  to   space 7680K, 0% used [0x00000000f6b80000,0x00000000f6b80000,0x00000000f7300000)
 ParOldGen       total 349696K, used 349695K [0x00000000e0000000, 0x00000000f5580000, 0x00000000f5580000)
  object space 349696K, 99% used [0x00000000e0000000,0x00000000f557fce8,0x00000000f5580000)
 Metaspace       used 54792K, committed 55680K, reserved 1105920K
  class space    used 5474K, committed 5824K, reserved 1048576K
}
Event: 487.376 GC heap after
{Heap after GC invocations=441 (full 331):
 PSYoungGen      total 30208K, used 22528K [0x00000000f5580000, 0x00000000f7b80000, 0x0000000100000000)
  eden space 22528K, 100% used [0x00000000f5580000,0x00000000f6b80000,0x00000000f6b80000)
  from space 7680K, 0% used [0x00000000f6b80000,0x00000000f6b80000,0x00000000f7300000)
  to   space 7680K, 0% used [0x00000000f7300000,0x00000000f7300000,0x00000000f7a80000)
 ParOldGen       total 349696K, used 349693K [0x00000000e0000000, 0x00000000f5580000, 0x00000000f5580000)
  object space 349696K, 99% used [0x00000000e0000000,0x00000000f557f728,0x00000000f5580000)
 Metaspace       used 54792K, committed 55680K, reserved 1105920K
  class space    used 5474K, committed 5824K, reserved 1048576K
}
Event: 487.380 GC heap before
{Heap before GC invocations=442 (full 332):
 PSYoungGen      total 30208K, used 22528K [0x00000000f5580000, 0x00000000f7b80000, 0x0000000100000000)
  eden space 22528K, 100% used [0x00000000f5580000,0x00000000f6b80000,0x00000000f6b80000)
  from space 7680K, 0% used [0x00000000f6b80000,0x00000000f6b80000,0x00000000f7300000)
  to   space 7680K, 0% used [0x00000000f7300000,0x00000000f7300000,0x00000000f7a80000)
 ParOldGen       total 349696K, used 349695K [0x00000000e0000000, 0x00000000f5580000, 0x00000000f5580000)
  object space 349696K, 99% used [0x00000000e0000000,0x00000000f557ffe8,0x00000000f5580000)
 Metaspace       used 54792K, committed 55680K, reserved 1105920K
  class space    used 5474K, committed 5824K, reserved 1048576K
}
Event: 488.660 GC heap after
{Heap after GC invocations=442 (full 332):
 PSYoungGen      total 30208K, used 22527K [0x00000000f5580000, 0x00000000f7b80000, 0x0000000100000000)
  eden space 22528K, 99% used [0x00000000f5580000,0x00000000f6b7fec8,0x00000000f6b80000)
  from space 7680K, 0% used [0x00000000f7300000,0x00000000f7300000,0x00000000f7a80000)
  to   space 7680K, 0% used [0x00000000f6b80000,0x00000000f6b80000,0x00000000f7300000)
 ParOldGen       total 349696K, used 349694K [0x00000000e0000000, 0x00000000f5580000, 0x00000000f5580000)
  object space 349696K, 99% used [0x00000000e0000000,0x00000000f557f960,0x00000000f5580000)
 Metaspace       used 54792K, committed 55680K, reserved 1105920K
  class space    used 5474K, committed 5824K, reserved 1048576K
}
Event: 488.660 GC heap before
{Heap before GC invocations=443 (full 333):
 PSYoungGen      total 30208K, used 22527K [0x00000000f5580000, 0x00000000f7b80000, 0x0000000100000000)
  eden space 22528K, 99% used [0x00000000f5580000,0x00000000f6b7fff0,0x00000000f6b80000)
  from space 7680K, 0% used [0x00000000f7300000,0x00000000f7300000,0x00000000f7a80000)
  to   space 7680K, 0% used [0x00000000f6b80000,0x00000000f6b80000,0x00000000f7300000)
 ParOldGen       total 349696K, used 349694K [0x00000000e0000000, 0x00000000f5580000, 0x00000000f5580000)
  object space 349696K, 99% used [0x00000000e0000000,0x00000000f557f960,0x00000000f5580000)
 Metaspace       used 54792K, committed 55680K, reserved 1105920K
  class space    used 5474K, committed 5824K, reserved 1048576K
}
Event: 489.870 GC heap after
{Heap after GC invocations=443 (full 333):
 PSYoungGen      total 30208K, used 22527K [0x00000000f5580000, 0x00000000f7b80000, 0x0000000100000000)
  eden space 22528K, 99% used [0x00000000f5580000,0x00000000f6b7fff0,0x00000000f6b80000)
  from space 7680K, 0% used [0x00000000f6b80000,0x00000000f6b80000,0x00000000f7300000)
  to   space 7680K, 0% used [0x00000000f7300000,0x00000000f7300000,0x00000000f7a80000)
 ParOldGen       total 349696K, used 349694K [0x00000000e0000000, 0x00000000f5580000, 0x00000000f5580000)
  object space 349696K, 99% used [0x00000000e0000000,0x00000000f557f960,0x00000000f5580000)
 Metaspace       used 54792K, committed 55680K, reserved 1105920K
  class space    used 5474K, committed 5824K, reserved 1048576K
}
Event: 489.870 GC heap before
{Heap before GC invocations=444 (full 334):
 PSYoungGen      total 30208K, used 22527K [0x00000000f5580000, 0x00000000f7b80000, 0x0000000100000000)
  eden space 22528K, 99% used [0x00000000f5580000,0x00000000f6b7fff0,0x00000000f6b80000)
  from space 7680K, 0% used [0x00000000f6b80000,0x00000000f6b80000,0x00000000f7300000)
  to   space 7680K, 0% used [0x00000000f7300000,0x00000000f7300000,0x00000000f7a80000)
 ParOldGen       total 349696K, used 349695K [0x00000000e0000000, 0x00000000f5580000, 0x00000000f5580000)
  object space 349696K, 99% used [0x00000000e0000000,0x00000000f557fc70,0x00000000f5580000)
 Metaspace       used 54792K, committed 55680K, reserved 1105920K
  class space    used 5474K, committed 5824K, reserved 1048576K
}
Event: 491.198 GC heap after
{Heap after GC invocations=444 (full 334):
 PSYoungGen      total 30208K, used 22527K [0x00000000f5580000, 0x00000000f7b80000, 0x0000000100000000)
  eden space 22528K, 99% used [0x00000000f5580000,0x00000000f6b7ff40,0x00000000f6b80000)
  from space 7680K, 0% used [0x00000000f7300000,0x00000000f7300000,0x00000000f7a80000)
  to   space 7680K, 0% used [0x00000000f6b80000,0x00000000f6b80000,0x00000000f7300000)
 ParOldGen       total 349696K, used 349695K [0x00000000e0000000, 0x00000000f5580000, 0x00000000f5580000)
  object space 349696K, 99% used [0x00000000e0000000,0x00000000f557fc10,0x00000000f5580000)
 Metaspace       used 54792K, committed 55680K, reserved 1105920K
  class space    used 5474K, committed 5824K, reserved 1048576K
}
Event: 491.198 GC heap before
{Heap before GC invocations=445 (full 335):
 PSYoungGen      total 30208K, used 22527K [0x00000000f5580000, 0x00000000f7b80000, 0x0000000100000000)
  eden space 22528K, 99% used [0x00000000f5580000,0x00000000f6b7ff40,0x00000000f6b80000)
  from space 7680K, 0% used [0x00000000f7300000,0x00000000f7300000,0x00000000f7a80000)
  to   space 7680K, 0% used [0x00000000f6b80000,0x00000000f6b80000,0x00000000f7300000)
 ParOldGen       total 349696K, used 349695K [0x00000000e0000000, 0x00000000f5580000, 0x00000000f5580000)
  object space 349696K, 99% used [0x00000000e0000000,0x00000000f557fc10,0x00000000f5580000)
 Metaspace       used 54792K, committed 55680K, reserved 1105920K
  class space    used 5474K, committed 5824K, reserved 1048576K
}
Event: 492.478 GC heap after
{Heap after GC invocations=445 (full 335):
 PSYoungGen      total 30208K, used 22527K [0x00000000f5580000, 0x00000000f7b80000, 0x0000000100000000)
  eden space 22528K, 99% used [0x00000000f5580000,0x00000000f6b7ff40,0x00000000f6b80000)
  from space 7680K, 0% used [0x00000000f6b80000,0x00000000f6b80000,0x00000000f7300000)
  to   space 7680K, 0% used [0x00000000f7300000,0x00000000f7300000,0x00000000f7a80000)
 ParOldGen       total 349696K, used 349695K [0x00000000e0000000, 0x00000000f5580000, 0x00000000f5580000)
  object space 349696K, 99% used [0x00000000e0000000,0x00000000f557fc10,0x00000000f5580000)
 Metaspace       used 54792K, committed 55680K, reserved 1105920K
  class space    used 5474K, committed 5824K, reserved 1048576K
}

Dll operation events (9 events):
Event: 0.002 Loaded shared library /nix/store/gpxl5qgg8kicmcvivwmybwjlpf7wh20l-graalvm17-ce-22.3.0/lib/libjava.so
Event: 0.008 Loaded shared library /nix/store/gpxl5qgg8kicmcvivwmybwjlpf7wh20l-graalvm17-ce-22.3.0/lib/libjsvml.so
Event: 0.280 Loaded shared library /nix/store/gpxl5qgg8kicmcvivwmybwjlpf7wh20l-graalvm17-ce-22.3.0/lib/libnio.so
Event: 0.284 Loaded shared library /nix/store/gpxl5qgg8kicmcvivwmybwjlpf7wh20l-graalvm17-ce-22.3.0/lib/libzip.so
Event: 0.286 Loaded shared library /nix/store/gpxl5qgg8kicmcvivwmybwjlpf7wh20l-graalvm17-ce-22.3.0/lib/libjvmcicompiler.so
Event: 0.680 Loaded shared library /nix/store/gpxl5qgg8kicmcvivwmybwjlpf7wh20l-graalvm17-ce-22.3.0/lib/libjimage.so
Event: 1.280 Loaded shared library /nix/store/gpxl5qgg8kicmcvivwmybwjlpf7wh20l-graalvm17-ce-22.3.0/lib/libnet.so
Event: 4.875 Loaded shared library /home/runner/.cache/jdt-language-server/config/org.eclipse.equinox.launcher/org.eclipse.equinox.launcher.gtk.linux.x86_64_1.2.400.v20211117-0650/eclipse_11600.so
Event: 15.066 Loaded shared library /nix/store/gpxl5qgg8kicmcvivwmybwjlpf7wh20l-graalvm17-ce-22.3.0/lib/libextnet.so

Deoptimization events (20 events):
Event: 61.663 Thread 0x00007f5ce8480b10 DEOPT PACKING pc=0x00007f5d3baf575d sp=0x00007f5d013fe530
Event: 61.663 Thread 0x00007f5ce8480b10 DEOPT UNPACKING pc=0x00007f5d3b505325 sp=0x00007f5d013fda20 mode 0
Event: 61.666 Thread 0x00007f5ce8480b10 DEOPT PACKING pc=0x00007f5d3baf575d sp=0x00007f5d013fe530
Event: 61.666 Thread 0x00007f5ce8480b10 DEOPT UNPACKING pc=0x00007f5d3b505325 sp=0x00007f5d013fda20 mode 0
Event: 61.668 Thread 0x00007f5ce8480b10 DEOPT PACKING pc=0x00007f5d3baf575d sp=0x00007f5d013fe530
Event: 61.668 Thread 0x00007f5ce8480b10 DEOPT UNPACKING pc=0x00007f5d3b505325 sp=0x00007f5d013fda20 mode 0
Event: 61.670 Thread 0x00007f5ce8480b10 DEOPT PACKING pc=0x00007f5d3baf575d sp=0x00007f5d013fe530
Event: 61.670 Thread 0x00007f5ce8480b10 DEOPT UNPACKING pc=0x00007f5d3b505325 sp=0x00007f5d013fda20 mode 0
Event: 61.672 Thread 0x00007f5ce8480b10 DEOPT PACKING pc=0x00007f5d3baf56ec sp=0x00007f5d013fe530
Event: 61.672 Thread 0x00007f5ce8480b10 DEOPT UNPACKING pc=0x00007f5d3b505325 sp=0x00007f5d013fda20 mode 0
Event: 61.673 Thread 0x00007f5ce8480b10 DEOPT PACKING pc=0x00007f5d3baf56ec sp=0x00007f5d013fe530
Event: 61.673 Thread 0x00007f5ce8480b10 DEOPT UNPACKING pc=0x00007f5d3b505325 sp=0x00007f5d013fda20 mode 0
Event: 474.462 Thread 0x00007f5ce8480b10 Uncommon trap: trap_request=0xffffff8f fr.pc=0x00007f5d431b6c83 relative=0x00000000000011c3
Event: 474.463 Thread 0x00007f5ce8480b10 Uncommon trap: reason=constraint action=none pc=0x00007f5d431b6c83 method=org.eclipse.jdt.internal.core.index.DiskIndex.copyQueryResults(Lorg/eclipse/jdt/internal/compiler/util/HashtableOfObject;I)V @ 123 jvmci
Event: 474.463 Thread 0x00007f5ce8480b10 DEOPT PACKING pc=0x00007f5d431b6c83 sp=0x00007f5d013fe530
Event: 474.463 Thread 0x00007f5ce8480b10 DEOPT UNPACKING pc=0x00007f5d3b505325 sp=0x00007f5d013fda28 mode 3
Event: 486.064 Thread 0x00007f5d540b21b0 Uncommon trap: trap_request=0xffffff8f fr.pc=0x00007f5d4304da9b relative=0x000000000000017b
Event: 486.064 Thread 0x00007f5d540b21b0 Uncommon trap: reason=constraint action=none pc=0x00007f5d4304da9b method=java.io.ByteArrayOutputStream.<init>(I)V @ 0 jvmci
Event: 486.064 Thread 0x00007f5d540b21b0 DEOPT PACKING pc=0x00007f5d4304da9b sp=0x00007f5d3a418020
Event: 486.064 Thread 0x00007f5d540b21b0 DEOPT UNPACKING pc=0x00007f5d3b505325 sp=0x00007f5d3a4174c8 mode 3

Classes unloaded (20 events):
Event: 70.562 Thread 0x00007f5d540a1bf0 Unloading class 0x0000000800f08000 'jdk/internal/reflect/GeneratedConstructorAccessor10'
Event: 70.562 Thread 0x00007f5d540a1bf0 Unloading class 0x0000000800da5000 'java/lang/invoke/LambdaForm$MH+0x0000000800da5000'
Event: 70.562 Thread 0x00007f5d540a1bf0 Unloading class 0x0000000800da4c00 'java/lang/invoke/LambdaForm$MH+0x0000000800da4c00'
Event: 70.562 Thread 0x00007f5d540a1bf0 Unloading class 0x0000000800da4800 'java/lang/invoke/LambdaForm$MH+0x0000000800da4800'
Event: 70.562 Thread 0x00007f5d540a1bf0 Unloading class 0x0000000800da4400 'java/lang/invoke/LambdaForm$MH+0x0000000800da4400'
Event: 70.562 Thread 0x00007f5d540a1bf0 Unloading class 0x0000000800da4000 'jdk/internal/reflect/GeneratedConstructorAccessor3'
Event: 70.562 Thread 0x00007f5d540a1bf0 Unloading class 0x0000000800d06800 'java/lang/invoke/LambdaForm$MH+0x0000000800d06800'
Event: 70.562 Thread 0x00007f5d540a1bf0 Unloading class 0x0000000800d06000 'java/lang/invoke/LambdaForm$MH+0x0000000800d06000'
Event: 70.562 Thread 0x00007f5d540a1bf0 Unloading class 0x0000000800d05c00 'java/lang/invoke/LambdaForm$MH+0x0000000800d05c00'
Event: 70.562 Thread 0x00007f5d540a1bf0 Unloading class 0x0000000800d05800 'java/lang/invoke/LambdaForm$MH+0x0000000800d05800'
Event: 70.562 Thread 0x00007f5d540a1bf0 Unloading class 0x0000000800d05000 'java/lang/invoke/LambdaForm$MH+0x0000000800d05000'
Event: 70.563 Thread 0x00007f5d540a1bf0 Unloading class 0x0000000800d04c00 'java/lang/invoke/LambdaForm$MH+0x0000000800d04c00'
Event: 70.563 Thread 0x00007f5d540a1bf0 Unloading class 0x0000000800d04800 'java/lang/invoke/LambdaForm$MH+0x0000000800d04800'
Event: 70.563 Thread 0x00007f5d540a1bf0 Unloading class 0x0000000800d04000 'java/lang/invoke/LambdaForm$MH+0x0000000800d04000'
Event: 70.563 Thread 0x00007f5d540a1bf0 Unloading class 0x0000000800c1d000 'jdk/internal/reflect/GeneratedMethodAccessor5'
Event: 70.563 Thread 0x00007f5d540a1bf0 Unloading class 0x0000000800c1cc00 'jdk/internal/reflect/GeneratedMethodAccessor4'
Event: 70.563 Thread 0x00007f5d540a1bf0 Unloading class 0x0000000800c1c800 'jdk/internal/reflect/GeneratedMethodAccessor3'
Event: 70.563 Thread 0x00007f5d540a1bf0 Unloading class 0x0000000800c1c400 'jdk/internal/reflect/GeneratedMethodAccessor2'
Event: 70.563 Thread 0x00007f5d540a1bf0 Unloading class 0x0000000800c1c000 'jdk/internal/reflect/GeneratedMethodAccessor1'
Event: 70.563 Thread 0x00007f5d540a1bf0 Unloading class 0x0000000800c01c00 'java/lang/invoke/LambdaForm$DMH+0x0000000800c01c00'

Classes redefined (0 events):
No events

Internal exceptions (20 events):
Event: 37.177 Thread 0x00007f5cdc0010d0 Exception <a 'sun/nio/fs/UnixException'{0x00000000f5a2aea8}> (0x00000000f5a2aea8) 
thrown [src/hotspot/share/prims/jni.cpp, line 516]
Event: 37.178 Thread 0x00007f5cdc0010d0 Exception <a 'sun/nio/fs/UnixException'{0x00000000f5a31138}> (0x00000000f5a31138) 
thrown [src/hotspot/share/prims/jni.cpp, line 516]
Event: 37.179 Thread 0x00007f5cdc0010d0 Exception <a 'sun/nio/fs/UnixException'{0x00000000f5a6a458}> (0x00000000f5a6a458) 
thrown [src/hotspot/share/prims/jni.cpp, line 516]
Event: 37.179 Thread 0x00007f5cdc0010d0 Exception <a 'sun/nio/fs/UnixException'{0x00000000f5a9c440}> (0x00000000f5a9c440) 
thrown [src/hotspot/share/prims/jni.cpp, line 516]
Event: 37.256 Thread 0x00007f5cdc0010d0 Exception <a 'sun/nio/fs/UnixException'{0x00000000f5aa0708}> (0x00000000f5aa0708) 
thrown [src/hotspot/share/prims/jni.cpp, line 516]
Event: 37.658 Thread 0x00007f5cdc0010d0 Exception <a 'sun/nio/fs/UnixException'{0x00000000f56a6300}> (0x00000000f56a6300) 
thrown [src/hotspot/share/prims/jni.cpp, line 516]
Event: 37.687 Thread 0x00007f5cdc0010d0 Exception <a 'sun/nio/fs/UnixException'{0x00000000f577a8c8}> (0x00000000f577a8c8) 
thrown [src/hotspot/share/prims/jni.cpp, line 516]
Event: 37.760 Thread 0x00007f5cdc0010d0 Exception <a 'sun/nio/fs/UnixException'{0x00000000f58f5138}> (0x00000000f58f5138) 
thrown [src/hotspot/share/prims/jni.cpp, line 516]
Event: 38.166 Thread 0x00007f5cd0043130 Exception <a 'java/lang/NoSuchMethodError'{0x00000000f57d0888}: 'java.lang.Object java.lang.invoke.DirectMethodHandle$Holder.invokeStatic(java.lang.Object, java.lang.Object, java.lang.Object, long)'> (0x00000000f57d0888) 
thrown [src/hotspot/share/interpreter/linkResolver.cpp, line 758]
Event: 38.209 Thread 0x00007f5cd0043130 Exception <a 'java/lang/NoSuchMethodError'{0x00000000f5e2f6c8}: 'java.lang.Object java.lang.invoke.DirectMethodHandle$Holder.newInvokeSpecial(java.lang.Object, java.lang.Object, java.lang.Object, long)'> (0x00000000f5e2f6c8) 
thrown [src/hotspot/share/interpreter/linkResolver.cpp, line 758]
Event: 38.210 Thread 0x00007f5cd0043130 Exception <a 'java/lang/NoSuchMethodError'{0x00000000f5e345e8}: 'java.lang.Object java.lang.invoke.DirectMethodHandle$Holder.invokeSpecial(java.lang.Object, java.lang.Object, java.lang.Object, java.lang.Object, long)'> (0x00000000f5e345e8) 
thrown [src/hotspot/share/interpreter/linkResolver.cpp, line 758]
Event: 38.223 Thread 0x00007f5cd0043130 Exception <a 'java/lang/NoSuchMethodError'{0x00000000f5e5ee70}: 'java.lang.Object java.lang.invoke.Invokers$Holder.linkToTargetMethod(java.lang.Object, java.lang.Object, long, java.lang.Object)'> (0x00000000f5e5ee70) 
thrown [src/hotspot/share/interpreter/linkResolver.cpp, line 758]
Event: 40.190 Thread 0x00007f5ce4154670 Exception <a 'java/lang/NoSuchMethodError'{0x00000000f5781af8}: 'java.lang.Object java.lang.invoke.DirectMethodHandle$Holder.invokeStatic(java.lang.Object, int, java.lang.Object, java.lang.Object, java.lang.Object, java.lang.Object)'> (0x00000000f5781af8) 
thrown [src/hotspot/share/interpreter/linkResolver.cpp, line 758]
Event: 40.568 Thread 0x00007f5ce4145c60 Exception <a 'java/lang/NoSuchMethodError'{0x00000000f585cfa8}: 'void java.lang.invoke.DirectMethodHandle$Holder.invokeSpecial(java.lang.Object, java.lang.Object, int)'> (0x00000000f585cfa8) 
thrown [src/hotspot/share/interpreter/linkResolver.cpp, line 758]
Event: 41.878 Thread 0x00007f5ce4145c60 Exception <a 'java/lang/NoSuchMethodError'{0x00000000f5d19748}: 'int java.lang.invoke.DirectMethodHandle$Holder.invokeSpecialIFC(java.lang.Object, java.lang.Object, java.lang.Object, java.lang.Object)'> (0x00000000f5d19748) 
thrown [src/hotspot/share/interpreter/linkResolver.cpp, line 758]
Event: 474.462 Thread 0x00007f5ce8480b10 Exception <a 'java/lang/OutOfMemoryError'{0x00000000e0004ed8}> (0x00000000e0004ed8) 
thrown [src/hotspot/share/gc/shared/memAllocator.cpp, line 138]
Event: 474.462 Thread 0x00007f5ce8480b10 Implicit null exception at 0x00007f5d431b66d3 to 0x00007f5d431b6c68
Event: 486.064 Thread 0x00007f5d540b21b0 Exception <a 'java/lang/OutOfMemoryError'{0x00000000e0004938}> (0x00000000e0004938) 
thrown [src/hotspot/share/gc/shared/memAllocator.cpp, line 138]
Event: 486.064 Thread 0x00007f5d540b21b0 Implicit null exception at 0x00007f5d4304da51 to 0x00007f5d4304da80
Event: 492.478 Thread 0x00007f5d540b21b0 Exception <a 'java/lang/OutOfMemoryError'{0x00000000e00046b8}> (0x00000000e00046b8) 
thrown [src/hotspot/share/gc/shared/memAllocator.cpp, line 136]

VM Operations (20 events):
Event: 477.173 Executing VM operation: ParallelGCFailedAllocation
Event: 478.376 Executing VM operation: ParallelGCFailedAllocation done
Event: 478.376 Executing VM operation: ParallelGCFailedAllocation
Event: 479.697 Executing VM operation: ParallelGCFailedAllocation done
Event: 479.697 Executing VM operation: ParallelGCFailedAllocation
Event: 481.070 Executing VM operation: ParallelGCFailedAllocation done
Event: 481.070 Executing VM operation: ParallelGCFailedAllocation
Event: 482.294 Executing VM operation: ParallelGCFailedAllocation done
Event: 482.294 Executing VM operation: ParallelGCFailedAllocation
Event: 483.579 Executing VM operation: ParallelGCFailedAllocation done
Event: 483.579 Executing VM operation: ParallelGCFailedAllocation
Event: 486.064 Executing VM operation: ParallelGCFailedAllocation done
Event: 486.064 Executing VM operation: ParallelGCFailedAllocation
Event: 487.377 Executing VM operation: ParallelGCFailedAllocation done
Event: 487.378 Executing VM operation: ParallelGCFailedAllocation
Event: 488.660 Executing VM operation: ParallelGCFailedAllocation done
Event: 488.660 Executing VM operation: ParallelGCFailedAllocation
Event: 489.870 Executing VM operation: ParallelGCFailedAllocation done
Event: 489.870 Executing VM operation: ParallelGCFailedAllocation
Event: 492.478 Executing VM operation: ParallelGCFailedAllocation done

Events (20 events):
Event: 48.881 Thread 0x00007f5d540b4b10 flushing nmethod 0x00007f5d3c7b6510
Event: 48.881 Thread 0x00007f5d540b4b10 flushing nmethod 0x00007f5d3c7b6a10
Event: 48.881 Thread 0x00007f5d540b4b10 flushing nmethod 0x00007f5d3c7b8490
Event: 48.881 Thread 0x00007f5d540b4b10 flushing nmethod 0x00007f5d3c7f7810
Event: 48.881 Thread 0x00007f5d540b4b10 flushing nmethod 0x00007f5d3c809390
Event: 48.881 Thread 0x00007f5d540b4b10 flushing nmethod 0x00007f5d3c83d990
Event: 48.881 Thread 0x00007f5d540b4b10 flushing nmethod 0x00007f5d3c84b110
Event: 48.882 Thread 0x00007f5d540b4b10 flushing nmethod 0x00007f5d3c873f10
Event: 48.882 Thread 0x00007f5d540b4b10 flushing nmethod 0x00007f5d3c88db90
Event: 48.882 Thread 0x00007f5d540b4b10 flushing nmethod 0x00007f5d3c88e090
Event: 48.882 Thread 0x00007f5d540b4b10 flushing nmethod 0x00007f5d3c88e990
Event: 48.882 Thread 0x00007f5d540b4b10 flushing nmethod 0x00007f5d3c897c90
Event: 48.882 Thread 0x00007f5d540b4b10 flushing nmethod 0x00007f5d3c89d710
Event: 48.882 Thread 0x00007f5d540b4b10 flushing nmethod 0x00007f5d3c8e9f10
Event: 61.390 Thread 0x00007f5d5420f330 Thread exited: 0x00007f5d5420f330
Event: 109.572 Thread 0x00007f5cc0001130 Thread exited: 0x00007f5cc0001130
Event: 109.572 Thread 0x00007f5cdc0010d0 Thread exited: 0x00007f5cdc0010d0
Event: 170.602 Thread 0x00007f5cc4000ff0 Thread exited: 0x00007f5cc4000ff0
Event: 446.997 Thread 0x00007f5ca80065b0 Thread added: 0x00007f5ca80065b0
Event: 446.997 Protecting memory [0x00007f5d00a00000,0x00007f5d00a04000] with protection modes 0


Dynamic libraries:
e0000000-f5580000 rw-p 00000000 00:00 0 
f5580000-f7b80000 rw-p 00000000 00:00 0 
f7b80000-100000000 ---p 00000000 00:00 0 
800000000-800449000 rw-p 00001000 00:1087 4611686019135357769            /nix/store/gpxl5qgg8kicmcvivwmybwjlpf7wh20l-graalvm17-ce-22.3.0/lib/server/classes.jsa
800449000-800bc8000 r--p 0044a000 00:1087 4611686019135357769            /nix/store/gpxl5qgg8kicmcvivwmybwjlpf7wh20l-graalvm17-ce-22.3.0/lib/server/classes.jsa
800bc8000-800c00000 ---p 00000000 00:00 0 
800c00000-800c20000 rw-p 00000000 00:00 0 
800c20000-800c40000 rw-p 00000000 00:00 0 
800c40000-800cc0000 rw-p 00000000 00:00 0 
800cc0000-800d00000 rw-p 00000000 00:00 0 
800d00000-800dc0000 rw-p 00000000 00:00 0 
800dc0000-800e00000 rw-p 00000000 00:00 0 
800e00000-800f40000 rw-p 00000000 00:00 0 
800f40000-800f80000 rw-p 00000000 00:00 0 
800f80000-800fc0000 rw-p 00000000 00:00 0 
800fc0000-801000000 rw-p 00000000 00:00 0 
801000000-8011b0000 rw-p 00000000 00:00 0 
8011b0000-840c00000 ---p 00000000 00:00 0 
55ded64d6000-55ded64d7000 r-xp 00000000 00:1087 4611686019099417844      /nix/store/gpxl5qgg8kicmcvivwmybwjlpf7wh20l-graalvm17-ce-22.3.0/bin/.java-wrapped
55ded64d8000-55ded64d9000 r--p 00001000 00:1087 4611686019099417844      /nix/store/gpxl5qgg8kicmcvivwmybwjlpf7wh20l-graalvm17-ce-22.3.0/bin/.java-wrapped
55ded64d9000-55ded64da000 rw-p 00002000 00:1087 4611686019099417844      /nix/store/gpxl5qgg8kicmcvivwmybwjlpf7wh20l-graalvm17-ce-22.3.0/bin/.java-wrapped
55ded64da000-55ded64db000 rw-p 00004000 00:1087 4611686019099417844      /nix/store/gpxl5qgg8kicmcvivwmybwjlpf7wh20l-graalvm17-ce-22.3.0/bin/.java-wrapped
55ded64db000-55ded64dc000 rw-p 00005000 00:1087 4611686019099417844      /nix/store/gpxl5qgg8kicmcvivwmybwjlpf7wh20l-graalvm17-ce-22.3.0/bin/.java-wrapped
55ded6bb7000-55ded6bff000 rw-p 00000000 00:00 0                          [heap]
7f5ca0000000-7f5ca00da000 rw-p 00000000 00:00 0 
7f5ca00da000-7f5ca4000000 ---p 00000000 00:00 0 
7f5ca4000000-7f5ca4021000 rw-p 00000000 00:00 0 
7f5ca4021000-7f5ca8000000 ---p 00000000 00:00 0 
7f5ca8000000-7f5ca8045000 rw-p 00000000 00:00 0 
7f5ca8045000-7f5cac000000 ---p 00000000 00:00 0 
7f5cac400000-7f5cac500000 rw-p 00000000 00:00 0 
7f5cac500000-7f5cacc00000 ---p 00000000 00:00 0 
7f5cad400000-7f5cadc00000 rw-p 00000000 00:00 0 
7f5cadcb3000-7f5cb7800000 r--s 00000000 00:1087 4611686019135192581      /nix/store/gpxl5qgg8kicmcvivwmybwjlpf7wh20l-graalvm17-ce-22.3.0/lib/modules
7f5cb7800000-7f5cb7d00000 rw-p 00000000 00:00 0 
7f5cb7d00000-7f5cb7db0000 rw-p 00000000 00:00 0 
7f5cb7db0000-7f5cb7e00000 ---p 00000000 00:00 0 
7f5cb7e00000-7f5cb8000000 rw-p 00000000 00:00 0 
7f5cb8000000-7f5cb8028000 rw-p 00000000 00:00 0 
7f5cb8028000-7f5cbc000000 ---p 00000000 00:00 0 
7f5cbc000000-7f5cbc0e0000 rw-p 00000000 00:00 0 
7f5cbc0e0000-7f5cc0000000 ---p 00000000 00:00 0 
7f5cc0000000-7f5cc00fa000 rw-p 00000000 00:00 0 
7f5cc00fa000-7f5cc4000000 ---p 00000000 00:00 0 
7f5cc4000000-7f5cc40de000 rw-p 00000000 00:00 0 
7f5cc40de000-7f5cc8000000 ---p 00000000 00:00 0 
7f5cc8000000-7f5cc8021000 rw-p 00000000 00:00 0 
7f5cc8021000-7f5ccc000000 ---p 00000000 00:00 0 
7f5ccc000000-7f5ccc021000 rw-p 00000000 00:00 0 
7f5ccc021000-7f5cd0000000 ---p 00000000 00:00 0 
7f5cd0000000-7f5cd0052000 rw-p 00000000 00:00 0 
7f5cd0052000-7f5cd4000000 ---p 00000000 00:00 0 
7f5cd4000000-7f5cd4059000 rw-p 00000000 00:00 0 
7f5cd4059000-7f5cd8000000 ---p 00000000 00:00 0 
7f5cd8000000-7f5cd8021000 rw-p 00000000 00:00 0 
7f5cd8021000-7f5cdc000000 ---p 00000000 00:00 0 
7f5cdc000000-7f5cdc3ca000 rw-p 00000000 00:00 0 
7f5cdc3ca000-7f5ce0000000 ---p 00000000 00:00 0 
7f5ce0000000-7f5ce0021000 rw-p 00000000 00:00 0 
7f5ce0021000-7f5ce4000000 ---p 00000000 00:00 0 
7f5ce4000000-7f5ce41e0000 rw-p 00000000 00:00 0 
7f5ce41e0000-7f5ce8000000 ---p 00000000 00:00 0 
7f5ce8000000-7f5ce88d2000 rw-p 00000000 00:00 0 
7f5ce88d2000-7f5cec000000 ---p 00000000 00:00 0 
7f5cec000000-7f5cec025000 rw-p 00000000 00:00 0 
7f5cec025000-7f5cf0000000 ---p 00000000 00:00 0 
7f5cf0000000-7f5cf0021000 rw-p 00000000 00:00 0 
7f5cf0021000-7f5cf4000000 ---p 00000000 00:00 0 
7f5cf4000000-7f5cf4021000 rw-p 00000000 00:00 0 
7f5cf4021000-7f5cf8000000 ---p 00000000 00:00 0 
7f5cf8000000-7f5cf8021000 rw-p 00000000 00:00 0 
7f5cf8021000-7f5cfc000000 ---p 00000000 00:00 0 
7f5cfc400000-7f5cfc500000 rw-p 00000000 00:00 0 
7f5cfc500000-7f5cfc700000 rw-p 00000000 00:00 0 
7f5cfc700000-7f5cfc900000 rw-p 00000000 00:00 0 
7f5cfc900000-7f5cfca00000 rw-p 00000000 00:00 0 
7f5cfca00000-7f5cfcb00000 rw-p 00000000 00:00 0 
7f5cfcb00000-7f5cfcc00000 rw-p 00000000 00:00 0 
7f5cfcc00000-7f5cfcd00000 rw-p 00000000 00:00 0 
7f5cfcd00000-7f5cfce00000 rw-p 00000000 00:00 0 
7f5cfce00000-7f5cfd3c0000 rw-p 00000000 00:00 0 
7f5cfd3c0000-7f5cfd400000 rw-p 00000000 00:00 0 
7f5cfd400000-7f5cfd500000 rw-p 00000000 00:00 0 
7f5cfd500000-7f5cfd600000 rw-p 00000000 00:00 0 
7f5cfd600000-7f5cfd900000 rw-p 00000000 00:00 0 
7f5cfd900000-7f5cfda00000 rw-p 00000000 00:00 0 
7f5cfda00000-7f5cfdc00000 rw-p 00000000 00:00 0 
7f5cfde00000-7f5cfde10000 r-xp 00000000 00:1077 356                      /home/runner/.cache/jdt-language-server/config/org.eclipse.equinox.launcher/org.eclipse.equinox.launcher.gtk.linux.x86_64_1.2.400.v20211117-0650/eclipse_11600.so
7f5cfde10000-7f5cfe00f000 ---p 00010000 00:1077 356                      /home/runner/.cache/jdt-language-server/config/org.eclipse.equinox.launcher/org.eclipse.equinox.launcher.gtk.linux.x86_64_1.2.400.v20211117-0650/eclipse_11600.so
7f5cfe00f000-7f5cfe010000 r--p 0000f000 00:1077 356                      /home/runner/.cache/jdt-language-server/config/org.eclipse.equinox.launcher/org.eclipse.equinox.launcher.gtk.linux.x86_64_1.2.400.v20211117-0650/eclipse_11600.so
7f5cfe010000-7f5cfe011000 rw-p 00010000 00:1077 356                      /home/runner/.cache/jdt-language-server/config/org.eclipse.equinox.launcher/org.eclipse.equinox.launcher.gtk.linux.x86_64_1.2.400.v20211117-0650/eclipse_11600.so
7f5cff400000-7f5cff500000 ---p 00000000 00:00 0 
7f5cff500000-7f5cffaaf000 r--p 01122000 00:1087 4611686019135190040      /nix/store/gpxl5qgg8kicmcvivwmybwjlpf7wh20l-graalvm17-ce-22.3.0/lib/libjvmcicompiler.so
7f5cffaaf000-7f5cffc00000 r--p 00000000 00:00 0 
7f5cffc00000-7f5cffc3d000 rw-p 00000000 00:00 0 
7f5cffc3d000-7f5d0015d000 rw-p 0185f000 00:1087 4611686019135190040      /nix/store/gpxl5qgg8kicmcvivwmybwjlpf7wh20l-graalvm17-ce-22.3.0/lib/libjvmcicompiler.so
7f5d0015d000-7f5d00544000 r--p 01d7f000 00:1087 4611686019135190040      /nix/store/gpxl5qgg8kicmcvivwmybwjlpf7wh20l-graalvm17-ce-22.3.0/lib/libjvmcicompiler.so
7f5d00600000-7f5d00604000 ---p 00000000 00:00 0 
7f5d00604000-7f5d00700000 rw-p 00000000 00:00 0 
7f5d00700000-7f5d00704000 ---p 00000000 00:00 0 
7f5d00704000-7f5d00800000 rw-p 00000000 00:00 0 
7f5d00900000-7f5d00904000 ---p 00000000 00:00 0 
7f5d00904000-7f5d00a00000 rw-p 00000000 00:00 0 
7f5d00a00000-7f5d00a04000 ---p 00000000 00:00 0 
7f5d00a04000-7f5d00b00000 rw-p 00000000 00:00 0 
7f5d00b00000-7f5d00b04000 ---p 00000000 00:00 0 
7f5d00b04000-7f5d00c00000 rw-p 00000000 00:00 0 
7f5d00d00000-7f5d00d04000 ---p 00000000 00:00 0 
7f5d00d04000-7f5d00e00000 rw-p 00000000 00:00 0 
7f5d00f00000-7f5d00f04000 ---p 00000000 00:00 0 
7f5d00f04000-7f5d01000000 rw-p 00000000 00:00 0 
7f5d01100000-7f5d01104000 ---p 00000000 00:00 0 
7f5d01104000-7f5d01200000 rw-p 00000000 00:00 0 
7f5d01300000-7f5d01304000 ---p 00000000 00:00 0 
7f5d01304000-7f5d01400000 rw-p 00000000 00:00 0 
7f5d01500000-7f5d01504000 ---p 00000000 00:00 0 
7f5d01504000-7f5d01600000 rw-p 00000000 00:00 0 
7f5d01700000-7f5d01704000 ---p 00000000 00:00 0 
7f5d01704000-7f5d01800000 rw-p 00000000 00:00 0 
7f5d01900000-7f5d01904000 ---p 00000000 00:00 0 
7f5d01904000-7f5d01a00000 rw-p 00000000 00:00 0 
7f5d01b00000-7f5d01b04000 ---p 00000000 00:00 0 
7f5d01b04000-7f5d01c00000 rw-p 00000000 00:00 0 
7f5d01c00000-7f5d03d6a000 r-xp 00000000 00:1087 4611686019135190040      /nix/store/gpxl5qgg8kicmcvivwmybwjlpf7wh20l-graalvm17-ce-22.3.0/lib/libjvmcicompiler.so
7f5d03d6a000-7f5d03f69000 ---p 0216a000 00:1087 4611686019135190040      /nix/store/gpxl5qgg8kicmcvivwmybwjlpf7wh20l-graalvm17-ce-22.3.0/lib/libjvmcicompiler.so
7f5d03f69000-7f5d03f6a000 r--p 02169000 00:1087 4611686019135190040      /nix/store/gpxl5qgg8kicmcvivwmybwjlpf7wh20l-graalvm17-ce-22.3.0/lib/libjvmcicompiler.so
7f5d03f6a000-7f5d03f6c000 rw-p 0216a000 00:1087 4611686019135190040      /nix/store/gpxl5qgg8kicmcvivwmybwjlpf7wh20l-graalvm17-ce-22.3.0/lib/libjvmcicompiler.so
7f5d03f6c000-7f5d03f6d000 rw-p 00000000 00:00 0 
7f5d03f6d000-7f5d03f72000 rw-p 023c3000 00:1087 4611686019135190040      /nix/store/gpxl5qgg8kicmcvivwmybwjlpf7wh20l-graalvm17-ce-22.3.0/lib/libjvmcicompiler.so
7f5d04000000-7f5d04021000 rw-p 00000000 00:00 0 
7f5d04021000-7f5d08000000 ---p 00000000 00:00 0 
7f5d08000000-7f5d08021000 rw-p 00000000 00:00 0 
7f5d08021000-7f5d0c000000 ---p 00000000 00:00 0 
7f5d0c000000-7f5d0c021000 rw-p 00000000 00:00 0 
7f5d0c021000-7f5d10000000 ---p 00000000 00:00 0 
7f5d10000000-7f5d10021000 rw-p 00000000 00:00 0 
7f5d10021000-7f5d14000000 ---p 00000000 00:00 0 
7f5d14000000-7f5d140e3000 rw-p 00000000 00:00 0 
7f5d140e3000-7f5d18000000 ---p 00000000 00:00 0 
7f5d18000000-7f5d18b0c000 rw-p 00000000 00:00 0 
7f5d18b0c000-7f5d1c000000 ---p 00000000 00:00 0 
7f5d1c000000-7f5d1c021000 rw-p 00000000 00:00 0 
7f5d1c021000-7f5d20000000 ---p 00000000 00:00 0 
7f5d20000000-7f5d20021000 rw-p 00000000 00:00 0 
7f5d20021000-7f5d24000000 ---p 00000000 00:00 0 
7f5d24000000-7f5d24021000 rw-p 00000000 00:00 0 
7f5d24021000-7f5d28000000 ---p 00000000 00:00 0 
7f5d28000000-7f5d28021000 rw-p 00000000 00:00 0 
7f5d28021000-7f5d2c000000 ---p 00000000 00:00 0 
7f5d2c000000-7f5d2c021000 rw-p 00000000 00:00 0 
7f5d2c021000-7f5d30000000 ---p 00000000 00:00 0 
7f5d30000000-7f5d30021000 rw-p 00000000 00:00 0 
7f5d30021000-7f5d34000000 ---p 00000000 00:00 0 
7f5d34000000-7f5d341c5000 rw-p 00000000 00:00 0 
7f5d341c5000-7f5d38000000 ---p 00000000 00:00 0 
7f5d38100000-7f5d38104000 ---p 00000000 00:00 0 
7f5d38104000-7f5d38200000 rw-p 00000000 00:00 0 
7f5d38300000-7f5d38304000 ---p 00000000 00:00 0 
7f5d38304000-7f5d38400000 rw-p 00000000 00:00 0 
7f5d38400000-7f5d38404000 ---p 00000000 00:00 0 
7f5d38404000-7f5d38500000 rw-p 00000000 00:00 0 
7f5d38500000-7f5d38504000 ---p 00000000 00:00 0 
7f5d38504000-7f5d38600000 rw-p 00000000 00:00 0 
7f5d38700000-7f5d38704000 ---p 00000000 00:00 0 
7f5d38704000-7f5d38800000 rw-p 00000000 00:00 0 
7f5d38900000-7f5d38904000 ---p 00000000 00:00 0 
7f5d38904000-7f5d38a00000 rw-p 00000000 00:00 0 
7f5d39768000-7f5d39c00000 rw-p 00000000 00:00 0 
7f5d39c18000-7f5d39c19000 ---p 00000000 00:00 0 
7f5d39c19000-7f5d39d1a000 rw-p 00000000 00:00 0 
7f5d39d1a000-7f5d39d1e000 ---p 00000000 00:00 0 
7f5d39d1e000-7f5d39e1a000 rw-p 00000000 00:00 0 
7f5d39e1a000-7f5d39e1e000 ---p 00000000 00:00 0 
7f5d39e1e000-7f5d39f1a000 rw-p 00000000 00:00 0 
7f5d39f1a000-7f5d39f1e000 ---p 00000000 00:00 0 
7f5d39f1e000-7f5d3a01a000 rw-p 00000000 00:00 0 
7f5d3a01a000-7f5d3a01e000 ---p 00000000 00:00 0 
7f5d3a01e000-7f5d3a21a000 rw-p 00000000 00:00 0 
7f5d3a21a000-7f5d3a21e000 ---p 00000000 00:00 0 
7f5d3a21e000-7f5d3a41a000 rw-p 00000000 00:00 0 
7f5d3a41a000-7f5d3a41e000 ---p 00000000 00:00 0 
7f5d3a41e000-7f5d3a51a000 rw-p 00000000 00:00 0 
7f5d3a51a000-7f5d3a51e000 ---p 00000000 00:00 0 
7f5d3a51e000-7f5d3a61a000 rw-p 00000000 00:00 0 
7f5d3a61a000-7f5d3a61e000 ---p 00000000 00:00 0 
7f5d3a61e000-7f5d3a71a000 rw-p 00000000 00:00 0 
7f5d3a71a000-7f5d3aa00000 r--p 00000000 00:1053 28444448                 /usr/lib/locale/locale-archive
7f5d3aa00000-7f5d3aa04000 ---p 00000000 00:00 0 
7f5d3aa04000-7f5d3ab00000 rw-p 00000000 00:00 0 
7f5d3ab00000-7f5d3ab04000 ---p 00000000 00:00 0 
7f5d3ab04000-7f5d3b000000 rw-p 00000000 00:00 0 
7f5d3b000000-7f5d3b300000 rw-p 00000000 00:00 0 
7f5d3b300000-7f5d3b400000 rw-p 00000000 00:00 0 
7f5d3b476000-7f5d3b47a000 ---p 00000000 00:00 0 
7f5d3b47a000-7f5d3b498000 rw-p 00000000 00:00 0 
7f5d3b498000-7f5d3b4ad000 r-xp 00000000 00:1087 4611686019135192570      /nix/store/gpxl5qgg8kicmcvivwmybwjlpf7wh20l-graalvm17-ce-22.3.0/lib/libnet.so
7f5d3b4ad000-7f5d3b4ae000 ---p 00015000 00:1087 4611686019135192570      /nix/store/gpxl5qgg8kicmcvivwmybwjlpf7wh20l-graalvm17-ce-22.3.0/lib/libnet.so
7f5d3b4ae000-7f5d3b4af000 r--p 00015000 00:1087 4611686019135192570      /nix/store/gpxl5qgg8kicmcvivwmybwjlpf7wh20l-graalvm17-ce-22.3.0/lib/libnet.so
7f5d3b4af000-7f5d3b4b0000 rw-p 00016000 00:1087 4611686019135192570      /nix/store/gpxl5qgg8kicmcvivwmybwjlpf7wh20l-graalvm17-ce-22.3.0/lib/libnet.so
7f5d3b4b0000-7f5d3b4b3000 rw-p 0001b000 00:1087 4611686019135192570      /nix/store/gpxl5qgg8kicmcvivwmybwjlpf7wh20l-graalvm17-ce-22.3.0/lib/libnet.so
7f5d3b4b3000-7f5d3b723000 rwxp 00000000 00:00 0 
7f5d3b723000-7f5d3ba42000 ---p 00000000 00:00 0 
7f5d3ba42000-7f5d3c902000 rwxp 00000000 00:00 0 
7f5d3c902000-7f5d42f7a000 ---p 00000000 00:00 0 
7f5d42f7a000-7f5d431ea000 rwxp 00000000 00:00 0 
7f5d431ea000-7f5d4a4b3000 ---p 00000000 00:00 0 
7f5d4a4b3000-7f5d54000000 r--s 00000000 00:1087 4611686019135192581      /nix/store/gpxl5qgg8kicmcvivwmybwjlpf7wh20l-graalvm17-ce-22.3.0/lib/modules
7f5d54000000-7f5d5461a000 rw-p 00000000 00:00 0 
7f5d5461a000-7f5d58000000 ---p 00000000 00:00 0 
7f5d58003000-7f5d58005000 r-xp 00000000 00:1087 4611686019135190017      /nix/store/gpxl5qgg8kicmcvivwmybwjlpf7wh20l-graalvm17-ce-22.3.0/lib/libextnet.so
7f5d58005000-7f5d58006000 r--p 00001000 00:1087 4611686019135190017      /nix/store/gpxl5qgg8kicmcvivwmybwjlpf7wh20l-graalvm17-ce-22.3.0/lib/libextnet.so
7f5d58006000-7f5d58007000 rw-p 00002000 00:1087 4611686019135190017      /nix/store/gpxl5qgg8kicmcvivwmybwjlpf7wh20l-graalvm17-ce-22.3.0/lib/libextnet.so
7f5d58007000-7f5d58008000 rw-p 00004000 00:1087 4611686019135190017      /nix/store/gpxl5qgg8kicmcvivwmybwjlpf7wh20l-graalvm17-ce-22.3.0/lib/libextnet.so
7f5d58008000-7f5d5800f000 r-xp 00000000 00:1087 4611686019135192580      /nix/store/gpxl5qgg8kicmcvivwmybwjlpf7wh20l-graalvm17-ce-22.3.0/lib/libzip.so
7f5d5800f000-7f5d58010000 ---p 00007000 00:1087 4611686019135192580      /nix/store/gpxl5qgg8kicmcvivwmybwjlpf7wh20l-graalvm17-ce-22.3.0/lib/libzip.so
7f5d58010000-7f5d58011000 r--p 00007000 00:1087 4611686019135192580      /nix/store/gpxl5qgg8kicmcvivwmybwjlpf7wh20l-graalvm17-ce-22.3.0/lib/libzip.so
7f5d58011000-7f5d58012000 rw-p 00008000 00:1087 4611686019135192580      /nix/store/gpxl5qgg8kicmcvivwmybwjlpf7wh20l-graalvm17-ce-22.3.0/lib/libzip.so
7f5d58012000-7f5d58014000 rw-p 0000b000 00:1087 4611686019135192580      /nix/store/gpxl5qgg8kicmcvivwmybwjlpf7wh20l-graalvm17-ce-22.3.0/lib/libzip.so
7f5d58014000-7f5d58027000 r-xp 00000000 00:1087 4611686019135192571      /nix/store/gpxl5qgg8kicmcvivwmybwjlpf7wh20l-graalvm17-ce-22.3.0/lib/libnio.so
7f5d58027000-7f5d58028000 r--p 00012000 00:1087 4611686019135192571      /nix/store/gpxl5qgg8kicmcvivwmybwjlpf7wh20l-graalvm17-ce-22.3.0/lib/libnio.so
7f5d58028000-7f5d58029000 rw-p 00013000 00:1087 4611686019135192571      /nix/store/gpxl5qgg8kicmcvivwmybwjlpf7wh20l-graalvm17-ce-22.3.0/lib/libnio.so
7f5d58029000-7f5d5802e000 rw-p 00019000 00:1087 4611686019135192571      /nix/store/gpxl5qgg8kicmcvivwmybwjlpf7wh20l-graalvm17-ce-22.3.0/lib/libnio.so
7f5d5802e000-7f5d5802f000 ---p 00000000 00:00 0 
7f5d5802f000-7f5d58130000 rw-p 00000000 00:00 0 
7f5d58130000-7f5d581fe000 r-xp 00000000 00:1087 4611686019135190036      /nix/store/gpxl5qgg8kicmcvivwmybwjlpf7wh20l-graalvm17-ce-22.3.0/lib/libjsvml.so
7f5d581fe000-7f5d581ff000 r--p 000cd000 00:1087 4611686019135190036      /nix/store/gpxl5qgg8kicmcvivwmybwjlpf7wh20l-graalvm17-ce-22.3.0/lib/libjsvml.so
7f5d581ff000-7f5d58200000 rw-p 000ce000 00:1087 4611686019135190036      /nix/store/gpxl5qgg8kicmcvivwmybwjlpf7wh20l-graalvm17-ce-22.3.0/lib/libjsvml.so
7f5d58200000-7f5d59ad8000 rw-p 00000000 00:00 0 
7f5d59ad8000-7f5d59ad9000 ---p 00000000 00:00 0 
7f5d59ad9000-7f5d59c84000 rw-p 00000000 00:00 0 
7f5d59c84000-7f5d59c98000 rw-p 00000000 00:00 0 
7f5d59c98000-7f5d59cda000 ---p 00000000 00:00 0 
7f5d59cda000-7f5d59ce0000 rw-p 00000000 00:00 0 
7f5d59ce0000-7f5d59dc6000 ---p 00000000 00:00 0 
7f5d59dc6000-7f5d59de4000 rw-p 00000000 00:00 0 
7f5d59de4000-7f5d59eb1000 ---p 00000000 00:00 0 
7f5d59eb1000-7f5d59eb6000 rw-p 00000000 00:00 0 
7f5d59eb6000-7f5d59ebd000 ---p 00000000 00:00 0 
7f5d59ebd000-7f5d59ee1000 r-xp 00000000 00:1087 4611686019135190028      /nix/store/gpxl5qgg8kicmcvivwmybwjlpf7wh20l-graalvm17-ce-22.3.0/lib/libjava.so
7f5d59ee1000-7f5d59ee2000 ---p 00024000 00:1087 4611686019135190028      /nix/store/gpxl5qgg8kicmcvivwmybwjlpf7wh20l-graalvm17-ce-22.3.0/lib/libjava.so
7f5d59ee2000-7f5d59ee3000 r--p 00024000 00:1087 4611686019135190028      /nix/store/gpxl5qgg8kicmcvivwmybwjlpf7wh20l-graalvm17-ce-22.3.0/lib/libjava.so
7f5d59ee3000-7f5d59ee4000 rw-p 00025000 00:1087 4611686019135190028      /nix/store/gpxl5qgg8kicmcvivwmybwjlpf7wh20l-graalvm17-ce-22.3.0/lib/libjava.so
7f5d59ee4000-7f5d59ee5000 rw-p 00000000 00:00 0 
7f5d59ee5000-7f5d59eec000 rw-p 0002f000 00:1087 4611686019135190028      /nix/store/gpxl5qgg8kicmcvivwmybwjlpf7wh20l-graalvm17-ce-22.3.0/lib/libjava.so
7f5d59eec000-7f5d59ef4000 rw-s 00000000 00:8f5 353                       /tmp/hsperfdata_runner/20
7f5d59ef4000-7f5d59ef5000 ---p 00000000 00:00 0 
7f5d59ef5000-7f5d59ef6000 r--p 00000000 00:00 0 
7f5d59ef6000-7f5d59ef7000 rwxp 00000000 00:00 0 
7f5d59ef7000-7f5d59f12000 r-xp 00000000 00:1087 4611686019135190032      /nix/store/gpxl5qgg8kicmcvivwmybwjlpf7wh20l-graalvm17-ce-22.3.0/lib/libjimage.so
7f5d59f12000-7f5d59f13000 ---p 0001b000 00:1087 4611686019135190032      /nix/store/gpxl5qgg8kicmcvivwmybwjlpf7wh20l-graalvm17-ce-22.3.0/lib/libjimage.so
7f5d59f13000-7f5d59f15000 r--p 0001b000 00:1087 4611686019135190032      /nix/store/gpxl5qgg8kicmcvivwmybwjlpf7wh20l-graalvm17-ce-22.3.0/lib/libjimage.so
7f5d59f15000-7f5d59f16000 rw-p 0001d000 00:1087 4611686019135190032      /nix/store/gpxl5qgg8kicmcvivwmybwjlpf7wh20l-graalvm17-ce-22.3.0/lib/libjimage.so
7f5d59f16000-7f5d59f17000 rw-p 00024000 00:1087 4611686019135190032      /nix/store/gpxl5qgg8kicmcvivwmybwjlpf7wh20l-graalvm17-ce-22.3.0/lib/libjimage.so
7f5d59f17000-7f5d59f1b000 ---p 00000000 00:00 0 
7f5d59f1b000-7f5d5a017000 rw-p 00000000 00:00 0 
7f5d5a017000-7f5d5a025000 r--p 00000000 00:1087 4611686019027979927      /nix/store/4nlgxhb09sdr51nc9hdm8az5b08vzkgx-glibc-2.35-163/lib/libm.so.6
7f5d5a025000-7f5d5a098000 r-xp 0000e000 00:1087 4611686019027979927      /nix/store/4nlgxhb09sdr51nc9hdm8az5b08vzkgx-glibc-2.35-163/lib/libm.so.6
7f5d5a098000-7f5d5a0f5000 r--p 00081000 00:1087 4611686019027979927      /nix/store/4nlgxhb09sdr51nc9hdm8az5b08vzkgx-glibc-2.35-163/lib/libm.so.6
7f5d5a0f5000-7f5d5a0f6000 r--p 000dd000 00:1087 4611686019027979927      /nix/store/4nlgxhb09sdr51nc9hdm8az5b08vzkgx-glibc-2.35-163/lib/libm.so.6
7f5d5a0f6000-7f5d5a0f7000 rw-p 000de000 00:1087 4611686019027979927      /nix/store/4nlgxhb09sdr51nc9hdm8az5b08vzkgx-glibc-2.35-163/lib/libm.so.6
7f5d5a0f7000-7f5d5a0f8000 r--p 00000000 00:1087 4611686019027979946      /nix/store/4nlgxhb09sdr51nc9hdm8az5b08vzkgx-glibc-2.35-163/lib/librt.so.1
7f5d5a0f8000-7f5d5a0f9000 r-xp 00001000 00:1087 4611686019027979946      /nix/store/4nlgxhb09sdr51nc9hdm8az5b08vzkgx-glibc-2.35-163/lib/librt.so.1
7f5d5a0f9000-7f5d5a0fa000 r--p 00002000 00:1087 4611686019027979946      /nix/store/4nlgxhb09sdr51nc9hdm8az5b08vzkgx-glibc-2.35-163/lib/librt.so.1
7f5d5a0fa000-7f5d5a0fb000 r--p 00002000 00:1087 4611686019027979946      /nix/store/4nlgxhb09sdr51nc9hdm8az5b08vzkgx-glibc-2.35-163/lib/librt.so.1
7f5d5a0fb000-7f5d5a0fc000 rw-p 00003000 00:1087 4611686019027979946      /nix/store/4nlgxhb09sdr51nc9hdm8az5b08vzkgx-glibc-2.35-163/lib/librt.so.1
7f5d5a0fc000-7f5d5b20f000 r-xp 00000000 00:1087 4611686019135360866      /nix/store/gpxl5qgg8kicmcvivwmybwjlpf7wh20l-graalvm17-ce-22.3.0/lib/server/libjvm.so
7f5d5b20f000-7f5d5b210000 ---p 01113000 00:1087 4611686019135360866      /nix/store/gpxl5qgg8kicmcvivwmybwjlpf7wh20l-graalvm17-ce-22.3.0/lib/server/libjvm.so
7f5d5b210000-7f5d5b2c5000 r--p 01113000 00:1087 4611686019135360866      /nix/store/gpxl5qgg8kicmcvivwmybwjlpf7wh20l-graalvm17-ce-22.3.0/lib/server/libjvm.so
7f5d5b2c5000-7f5d5b2f9000 rw-p 011c8000 00:1087 4611686019135360866      /nix/store/gpxl5qgg8kicmcvivwmybwjlpf7wh20l-graalvm17-ce-22.3.0/lib/server/libjvm.so
7f5d5b2f9000-7f5d5b355000 rw-p 00000000 00:00 0 
7f5d5b355000-7f5d5b37d000 r--p 00000000 00:1087 4611686019027979918      /nix/store/4nlgxhb09sdr51nc9hdm8az5b08vzkgx-glibc-2.35-163/lib/libc.so.6
7f5d5b37d000-7f5d5b4f3000 r-xp 00028000 00:1087 4611686019027979918      /nix/store/4nlgxhb09sdr51nc9hdm8az5b08vzkgx-glibc-2.35-163/lib/libc.so.6
7f5d5b4f3000-7f5d5b54b000 r--p 0019e000 00:1087 4611686019027979918      /nix/store/4nlgxhb09sdr51nc9hdm8az5b08vzkgx-glibc-2.35-163/lib/libc.so.6
7f5d5b54b000-7f5d5b54f000 r--p 001f6000 00:1087 4611686019027979918      /nix/store/4nlgxhb09sdr51nc9hdm8az5b08vzkgx-glibc-2.35-163/lib/libc.so.6
7f5d5b54f000-7f5d5b551000 rw-p 001fa000 00:1087 4611686019027979918      /nix/store/4nlgxhb09sdr51nc9hdm8az5b08vzkgx-glibc-2.35-163/lib/libc.so.6
7f5d5b551000-7f5d5b560000 rw-p 00000000 00:00 0 
7f5d5b560000-7f5d5b561000 r--p 00000000 00:1087 4611686019027979923      /nix/store/4nlgxhb09sdr51nc9hdm8az5b08vzkgx-glibc-2.35-163/lib/libdl.so.2
7f5d5b561000-7f5d5b562000 r-xp 00001000 00:1087 4611686019027979923      /nix/store/4nlgxhb09sdr51nc9hdm8az5b08vzkgx-glibc-2.35-163/lib/libdl.so.2
7f5d5b562000-7f5d5b563000 r--p 00002000 00:1087 4611686019027979923      /nix/store/4nlgxhb09sdr51nc9hdm8az5b08vzkgx-glibc-2.35-163/lib/libdl.so.2
7f5d5b563000-7f5d5b564000 r--p 00002000 00:1087 4611686019027979923      /nix/store/4nlgxhb09sdr51nc9hdm8az5b08vzkgx-glibc-2.35-163/lib/libdl.so.2
7f5d5b564000-7f5d5b565000 rw-p 00003000 00:1087 4611686019027979923      /nix/store/4nlgxhb09sdr51nc9hdm8az5b08vzkgx-glibc-2.35-163/lib/libdl.so.2
7f5d5b565000-7f5d5b566000 r--p 00000000 00:1087 4611686019027979942      /nix/store/4nlgxhb09sdr51nc9hdm8az5b08vzkgx-glibc-2.35-163/lib/libpthread.so.0
7f5d5b566000-7f5d5b567000 r-xp 00001000 00:1087 4611686019027979942      /nix/store/4nlgxhb09sdr51nc9hdm8az5b08vzkgx-glibc-2.35-163/lib/libpthread.so.0
7f5d5b567000-7f5d5b568000 r--p 00002000 00:1087 4611686019027979942      /nix/store/4nlgxhb09sdr51nc9hdm8az5b08vzkgx-glibc-2.35-163/lib/libpthread.so.0
7f5d5b568000-7f5d5b569000 r--p 00002000 00:1087 4611686019027979942      /nix/store/4nlgxhb09sdr51nc9hdm8az5b08vzkgx-glibc-2.35-163/lib/libpthread.so.0
7f5d5b569000-7f5d5b56a000 rw-p 00003000 00:1087 4611686019027979942      /nix/store/4nlgxhb09sdr51nc9hdm8az5b08vzkgx-glibc-2.35-163/lib/libpthread.so.0
7f5d5b56a000-7f5d5b578000 r-xp 00000000 00:1087 4611686019135190033      /nix/store/gpxl5qgg8kicmcvivwmybwjlpf7wh20l-graalvm17-ce-22.3.0/lib/libjli.so
7f5d5b578000-7f5d5b579000 ---p 0000e000 00:1087 4611686019135190033      /nix/store/gpxl5qgg8kicmcvivwmybwjlpf7wh20l-graalvm17-ce-22.3.0/lib/libjli.so
7f5d5b579000-7f5d5b57a000 r--p 0000e000 00:1087 4611686019135190033      /nix/store/gpxl5qgg8kicmcvivwmybwjlpf7wh20l-graalvm17-ce-22.3.0/lib/libjli.so
7f5d5b57a000-7f5d5b57b000 rw-p 0000f000 00:1087 4611686019135190033      /nix/store/gpxl5qgg8kicmcvivwmybwjlpf7wh20l-graalvm17-ce-22.3.0/lib/libjli.so
7f5d5b57b000-7f5d5b57c000 rw-p 00012000 00:1087 4611686019135190033      /nix/store/gpxl5qgg8kicmcvivwmybwjlpf7wh20l-graalvm17-ce-22.3.0/lib/libjli.so
7f5d5b57c000-7f5d5b57f000 r--p 00000000 00:1087 4611686019106210071      /nix/store/026hln0aq1hyshaxsdvhg0kmcm6yf45r-zlib-1.2.13/lib/libz.so.1.2.13
7f5d5b57f000-7f5d5b591000 r-xp 00003000 00:1087 4611686019106210071      /nix/store/026hln0aq1hyshaxsdvhg0kmcm6yf45r-zlib-1.2.13/lib/libz.so.1.2.13
7f5d5b591000-7f5d5b598000 r--p 00015000 00:1087 4611686019106210071      /nix/store/026hln0aq1hyshaxsdvhg0kmcm6yf45r-zlib-1.2.13/lib/libz.so.1.2.13
7f5d5b598000-7f5d5b599000 r--p 0001b000 00:1087 4611686019106210071      /nix/store/026hln0aq1hyshaxsdvhg0kmcm6yf45r-zlib-1.2.13/lib/libz.so.1.2.13
7f5d5b599000-7f5d5b59a000 rw-p 0001c000 00:1087 4611686019106210071      /nix/store/026hln0aq1hyshaxsdvhg0kmcm6yf45r-zlib-1.2.13/lib/libz.so.1.2.13
7f5d5b59a000-7f5d5b59c000 rw-p 00000000 00:00 0 
7f5d5b59c000-7f5d5b59e000 r--p 00000000 00:1087 4611686019027979912      /nix/store/4nlgxhb09sdr51nc9hdm8az5b08vzkgx-glibc-2.35-163/lib/ld-linux-x86-64.so.2
7f5d5b59e000-7f5d5b5c5000 r-xp 00002000 00:1087 4611686019027979912      /nix/store/4nlgxhb09sdr51nc9hdm8az5b08vzkgx-glibc-2.35-163/lib/ld-linux-x86-64.so.2
7f5d5b5c5000-7f5d5b5d1000 r--p 00029000 00:1087 4611686019027979912      /nix/store/4nlgxhb09sdr51nc9hdm8az5b08vzkgx-glibc-2.35-163/lib/ld-linux-x86-64.so.2
7f5d5b5d1000-7f5d5b5d3000 r--p 00034000 00:1087 4611686019027979912      /nix/store/4nlgxhb09sdr51nc9hdm8az5b08vzkgx-glibc-2.35-163/lib/ld-linux-x86-64.so.2
7f5d5b5d3000-7f5d5b5d5000 rw-p 00036000 00:1087 4611686019027979912      /nix/store/4nlgxhb09sdr51nc9hdm8az5b08vzkgx-glibc-2.35-163/lib/ld-linux-x86-64.so.2
7ffdb4c72000-7ffdb4c96000 rw-p 00000000 00:00 0                          [stack]
7ffdb4d47000-7ffdb4d4b000 r--p 00000000 00:00 0                          [vvar]
7ffdb4d4b000-7ffdb4d4d000 r-xp 00000000 00:00 0                          [vdso]
ffffffffff600000-ffffffffff601000 --xp 00000000 00:00 0                  [vsyscall]


VM Arguments:
jvm_args: -XX:ThreadPriorityPolicy=1 -XX:+UnlockExperimentalVMOptions -XX:+EnableJVMCIProduct -XX:JVMCIThreadsPerNativeLibraryRuntime=1 -XX:-UnlockExperimentalVMOptions -Declipse.application=org.eclipse.jdt.ls.core.id1 -Dosgi.bundles.defaultStartLevel=4 -Declipse.product=org.eclipse.jdt.ls.core.product -Dlog.level=ALL -Xverify:none -XX:+UseParallelGC -XX:GCTimeRatio=4 -XX:AdaptiveSizePolicyWeight=90 -Dsun.zip.disableMemoryMapping=true -Xmx512m -Xms100m 
java_command: /nix/store/m6gcpi1ii6rghy04cjwjddcavv7i90df-jdt-language-server-1.9.0/share/java/plugins/org.eclipse.equinox.launcher_1.6.400.v20210924-0641.jar --add-modules=ALL-SYSTEM --add-opens java.base/java.util=ALL-UNNAMED --add-opens java.base/java.lang=ALL-UNNAMED -configuration /home/runner/.cache/jdt-language-server/config -data /home/runner/.cache/jdt-language-server/data/home/runner/java4
java_class_path (initial): /nix/store/m6gcpi1ii6rghy04cjwjddcavv7i90df-jdt-language-server-1.9.0/share/java/plugins/org.eclipse.equinox.launcher_1.6.400.v20210924-0641.jar
Launcher Type: SUN_STANDARD

[Global flags]
    uintx AdaptiveSizePolicyWeight                 = 90                                        {product} {command line}
     intx CICompilerCount                          = 2                                         {product} {ergonomic}
     bool EnableJVMCIProduct                       = true                                {JVMCI product} {jimage}
    uintx GCTimeRatio                              = 4                                         {product} {command line}
   size_t InitialHeapSize                          = 104857600                                 {product} {command line}
     uint JVMCIThreadsPerNativeLibraryRuntime      = 1                                   {JVMCI product} {jimage}
   size_t MaxHeapSize                              = 536870912                                 {product} {command line}
   size_t MaxNewSize                               = 178782208                                 {product} {ergonomic}
   size_t MinHeapDeltaBytes                        = 524288                                    {product} {ergonomic}
   size_t MinHeapSize                              = 104857600                                 {product} {command line}
   size_t NewSize                                  = 34603008                                  {product} {ergonomic}
    uintx NonNMethodCodeHeapSize                   = 5826188                                {pd product} {ergonomic}
    uintx NonProfiledCodeHeapSize                  = 122916026                              {pd product} {ergonomic}
   size_t OldSize                                  = 70254592                                  {product} {ergonomic}
    uintx ProfiledCodeHeapSize                     = 122916026                              {pd product} {ergonomic}
    uintx ReservedCodeCacheSize                    = 251658240                              {pd product} {ergonomic}
     bool SegmentedCodeCache                       = true                                      {product} {ergonomic}
   size_t SoftMaxHeapSize                          = 536870912                              {manageable} {ergonomic}
     intx ThreadPriorityPolicy                     = 1                                         {product} {jimage}
     bool UseCompressedClassPointers               = true                           {product lp64_product} {ergonomic}
     bool UseCompressedOops                        = true                           {product lp64_product} {ergonomic}
     bool UseParallelGC                            = true                                      {product} {command line}

Logging:
Log output configuration:
 #0: stdout all=warning uptime,level,tags
 #1: stderr all=off uptime,level,tags

Environment Variables:
JAVA_HOME=/nix/store/gpxl5qgg8kicmcvivwmybwjlpf7wh20l-graalvm17-ce-22.3.0
PATH=/nix/store/1d6ian3r8kdzspw8hacjhl3xkp40g1lj-binutils-wrapper-2.39/bin:/nix/store/dq0xwmsk1g0i2ayg6pb7y87na2knzylh-gcc-wrapper-11.3.0/bin:/nix/store/bap4d0lpcrhpwmpb8ayjcgkmvfj62lnq-bash-interactive-5.1-p16/bin:/nix/store/pr5n59mb4jzmfx6kanwxly0l07p861fg-patchelf-0.15.0/bin:/nix/store/1gf2flfqnpqbr1b4p4qz2f72y42bs56r-gcc-11.3.0/bin:/nix/store/57xv61c5zi8pphjbcwxxjlgc34p61ic9-glibc-2.35-163-bin/bin:/nix/store/a7gvj343m05j2s32xcnwr35v31ynlypr-coreutils-9.1/bin:/nix/store/039g378vc3pc3dvi9dzdlrd0i4q93qwf-binutils-2.39/bin:/nix/store/gpxl5qgg8kicmcvivwmybwjlpf7wh20l-graalvm17-ce-22.3.0/bin:/nix/store/6z9ag3ihc8mq2hzsw48lhbznvzny65nz-apache-maven-3.8.6/bin:/nix/store/m6gcpi1ii6rghy04cjwjddcavv7i90df-jdt-language-server-1.9.0/bin:/nix/store/84xs5alhs01zrbr4ywm05kxbjbp5590l-java-debug/bin:/nix/store/mydc6f4k2z73xlcz7ilif3v2lcaiqvza-findutils-4.9.0/bin:/nix/store/j9p3g8472iijd50vhdprx0nmk2fqn5gv-diffutils-3.8/bin:/nix/store/89zs7rms6x00xfq4dq6m7mjnhkr8a6r4-gnused-4.8/bin:/nix/store/86bp03jkmsl6f92w0yzg4s59g5mhxwmy-gnugrep-3.7/bin:/nix/store/hwcdqw4jrjnd37wxqgsd47hd0j8bnj09-gawk-5.1.1/bin:/nix/store/cfbhw8r8ags41vwqaz47r583d0p4h4a1-gnutar-1.34/bin:/nix/store/p3m1ndl1lapwrlh698bnb5lvvxh67378-gzip-1.12/bin:/nix/store/a8mhcagrsly7c7mpjrpsnaahk4aax056-bzip2-1.0.8-bin/bin:/nix/store/mblgz65m3zv9x548a3d5m96fj2pbwr09-gnumake-4.3/bin:/nix/store/dsd5gz46hdbdk2rfdimqddhq6m8m8fqs-bash-5.1-p16/bin:/nix/store/v7ljksji50mg3w61dykaa3n3y79n6nil-patch-2.7.6/bin:/nix/store/zlcnmqq14jz5x9439jf937mvayyl63da-xz-5.2.7-bin/bin:/nix/store/y6aj732zm9m87c82fpvf103a1xb22blp-file-5.43/bin:/nix/store/i4kzir3m7mrisxmf5xvlnkw01x4qaqr4-prybar-elisp-0.0.0-e0d9a52/bin:/nix/store/lwwivxf6h7x3cvxp9zv8sj0mv7dak99r-prybar-lua-0.0.0-e0d9a52/bin:/nix/store/gxj28g1cg4hq3qanmjv07156h800qr58-prybar-python3-0.0.0-e0d9a52/bin:/nix/store/hshkjnxrgidigf8x75vg6lqng2xlx9i3-prybar-sqlite-0.0.0-e0d9a52/bin:/nix/store/c4w01bpjgyy5ixmwdk8m1pw87zq4sl26-prybar-tcl-0.0.0-e0d9a52/bin:/nix/store/hpbvrlwd5viqmvcaisb3x0118i913a9n-st
LD_LIBRARY_PATH=/nix/store/a4pff549sk2idnkpzk5nsfps3mdkdnvm-cups-2.4.2-lib/lib:/nix/store/72mqxxhh3cy5yifh92wh2yb8cl2hikyy-cairo-1.16.0/lib:/nix/store/2k366jrbsra97gjfxwvrhvixjfxdach5-glib-2.74.1/lib:/nix/store/2j2znigd8ak37rlwh9khz0ry3clqlw1l-gtk+3-3.24.34/lib:/nix/store/hisqvx32cd57apbpcsnkpx6k3549wql1-libglvnd-1.4.0/lib:/nix/store/p36pgcv991mq5srvg765b78yqpxvk3qs-mesa-21.3.3-drivers/lib:/nix/store/mav4251if1ahjq5vkpwycyyvnmy459c4-pulseaudio-14.2/lib
DISPLAY=:0
LANG=en_US.UTF-8

Signal Handlers:
   SIGSEGV: crash_handler in libjvm.so, mask=11100100010111111101111111111110, flags=SA_RESTART|SA_SIGINFO
    SIGBUS: crash_handler in libjvm.so, mask=11100100010111111101111111111110, flags=SA_RESTART|SA_SIGINFO
    SIGFPE: crash_handler in libjvm.so, mask=11100100010111111101111111111110, flags=SA_RESTART|SA_SIGINFO
   SIGPIPE: IsolateEnterStub_IgnoreSIGPIPEStartupHook_noopSignalHandler_8f19bff2f35b5f630d83b364d6b2339320d4ec70_216e8361c6bc87a8f89f58cc10d3b2fd4415bf87 in libjvmcicompiler.so, mask=00000000000000000000000000000000, flags=SA_RESTART
  *** Handler was modified!
  *** Expected: javaSignalHandler in libjvm.so, mask=11100100110111111111111111111110, flags=SA_RESTART|SA_SIGINFO
   SIGXFSZ: javaSignalHandler in libjvm.so, mask=11100100010111111101111111111110, flags=SA_RESTART|SA_SIGINFO
    SIGILL: crash_handler in libjvm.so, mask=11100100010111111101111111111110, flags=SA_RESTART|SA_SIGINFO
   SIGUSR2: SR_handler in libjvm.so, mask=00000000000000000000000000000000, flags=SA_RESTART|SA_SIGINFO
    SIGHUP: UserHandler in libjvm.so, mask=11100100010111111101111111111110, flags=SA_RESTART|SA_SIGINFO
    SIGINT: UserHandler in libjvm.so, mask=11100100010111111101111111111110, flags=SA_RESTART|SA_SIGINFO
   SIGTERM: UserHandler in libjvm.so, mask=11100100010111111101111111111110, flags=SA_RESTART|SA_SIGINFO
   SIGQUIT: UserHandler in libjvm.so, mask=11100100010111111101111111111110, flags=SA_RESTART|SA_SIGINFO
  *** Handler was modified!
  *** Expected: javaSignalHandler in libjvm.so, mask=11100100110111111111111111111110, flags=SA_RESTART|SA_SIGINFO
   SIGTRAP: crash_handler in libjvm.so, mask=11100100010111111101111111111110, flags=SA_RESTART|SA_SIGINFO


---------------  S Y S T E M  ---------------

OS:
DISTRIB_ID=Ubuntu
DISTRIB_RELEASE=20.04
DISTRIB_CODENAME=focal
DISTRIB_DESCRIPTION="Ubuntu 20.04.2 LTS"
uname: Linux 5.15.0-1031-gcp #38~20.04.1-Ubuntu SMP Sun Mar 12 04:47:58 UTC 2023 x86_64
OS uptime: 0 days 8:09 hours
libc: glibc 2.35 NPTL 2.35 
rlimit (soft/hard): STACK 8192k/infinity , CORE infinity/infinity , NPROC infinity/infinity , NOFILE 5242/5242 , AS infinity/infinity , CPU infinity/infinity , DATA infinity/infinity , FSIZE infinity/infinity , MEMLOCK 64k/64k
load average: 13.53 13.10 13.30

/proc/meminfo:
MemTotal:       65852712 kB
MemFree:        13836824 kB
MemAvailable:   40578648 kB
Buffers:         2456272 kB
Cached:         22826188 kB
SwapCached:            0 kB
Active:          9347356 kB
Inactive:       38255028 kB
Active(anon):      16752 kB
Inactive(anon): 21965604 kB
Active(file):    9330604 kB
Inactive(file): 16289424 kB
Unevictable:       43152 kB
Mlocked:           43152 kB
SwapTotal:             0 kB
SwapFree:              0 kB
Dirty:              6008 kB
Writeback:             0 kB
AnonPages:      21017996 kB
Mapped:          2253148 kB
Shmem:             37404 kB
KReclaimable:    1848396 kB
Slab:            3269132 kB
SReclaimable:    1848396 kB
SUnreclaim:      1420736 kB
KernelStack:      415188 kB
PageTables:       245432 kB
NFS_Unstable:          0 kB
Bounce:                0 kB
WritebackTmp:          0 kB
CommitLimit:    32926356 kB
Committed_AS:   76795700 kB
VmallocTotal:   34359738367 kB
VmallocUsed:      456108 kB
VmallocChunk:          0 kB
Percpu:            64864 kB
HardwareCorrupted:     0 kB
AnonHugePages:   3082240 kB
ShmemHugePages:        0 kB
ShmemPmdMapped:        0 kB
FileHugePages:         0 kB
FilePmdMapped:         0 kB
HugePages_Total:       0
HugePages_Free:        0
HugePages_Rsvd:        0
HugePages_Surp:        0
Hugepagesize:       2048 kB
Hugetlb:               0 kB
DirectMap4k:     4950848 kB
DirectMap2M:    48523264 kB
DirectMap1G:    15728640 kB

/sys/kernel/mm/transparent_hugepage/enabled: always [madvise] never
/sys/kernel/mm/transparent_hugepage/defrag (defrag/compaction efforts parameter): always defer defer+madvise [madvise] never

Process Memory:
Virtual Size: 4588632K (peak: 4622140K)
Resident Set Size: 725988K (peak: 757488K) (anon: 528612K, file: 197376K, shmem: 0K)
Swapped out: 0K
C-Heap outstanding allocations: 40781K, retained: 13386K
glibc malloc tunables: (default)

/proc/sys/kernel/threads-max (system-wide limit on the number of threads): 514406
/proc/sys/vm/max_map_count (maximum number of memory map areas a process may have): 65530
/proc/sys/kernel/pid_max (system-wide limit on number of process identifiers): 4194304

container (cgroup) information:
container_type: cgroupv1
cpu_cpuset_cpus: 2-7
cpu_memory_nodes: 0
active_processor_count: 1
cpu_quota: 50000
cpu_period: 100000
cpu_shares: 512
memory_limit_in_bytes: 1048576 k
memory_and_swap_limit_in_bytes: 1048576 k
memory_soft_limit_in_bytes: 524288 k
memory_usage_in_bytes: 561908 k
memory_max_usage_in_bytes: 590744 k
maximum number of tasks: 1000
current number of tasks: 43

KVM virtualization detected
Steal ticks since vm start: 0
Steal ticks percentage since vm start:  0.000

CPU: total 8 (initial active 1) (8 cores per cpu, 2 threads per core) family 23 model 49 stepping 0 microcode 0xffffffff, cx8, cmov, fxsr, ht, mmx, 3dnowpref, sse, sse2, sse3, ssse3, sse4a, sse4.1, sse4.2, popcnt, lzcnt, tsc, tscinvbit, avx, avx2, aes, clmul, bmi1, bmi2, adx, sha, fma, vzeroupper, clflush, clflushopt, hv
CPU Model and flags from /proc/cpuinfo:
model name	: AMD EPYC 7B12
flags		: fpu vme de pse tsc msr pae mce cx8 apic sep mtrr pge mca cmov pat pse36 clflush mmx fxsr sse sse2 ht syscall nx mmxext fxsr_opt pdpe1gb rdtscp lm constant_tsc rep_good nopl nonstop_tsc cpuid extd_apicid tsc_known_freq pni pclmulqdq ssse3 fma cx16 sse4_1 sse4_2 movbe popcnt aes xsave avx f16c rdrand hypervisor lahf_lm cmp_legacy cr8_legacy abm sse4a misalignsse 3dnowprefetch osvw topoext ssbd ibrs ibpb stibp vmmcall fsgsbase tsc_adjust bmi1 avx2 smep bmi2 rdseed adx smap clflushopt clwb sha_ni xsaveopt xsavec xgetbv1 clzero xsaveerptr arat npt nrip_save umip rdpid

Online cpus: 0-7
Offline cpus: 
BIOS frequency limitation: <Not Available>
Frequency switch latency (ns): <Not Available>
Available cpu frequencies: <Not Available>
Current governor: <Not Available>
Core performance/turbo boost: <Not Available>

Memory: 4k page, physical 1048576k(486656k free), swap 0k(0k free)
Page Sizes: 4k

vm_info: OpenJDK 64-Bit Server VM (17.0.5+8-jvmci-22.3-b08) for linux-amd64 JRE (17.0.5+8-jvmci-22.3-b08), built on Oct 19 2022 09:01:27 by "buildslave" with gcc 10.3.0

END.
